<?xml version="1.0" encoding="UTF-8"?>
<testsuite name="edu.mum.coffee.OrderServiceTest" time="9.259" tests="6" errors="6" skipped="0" failures="0">
  <properties>
[...]
</properties>
  <testcase name="testFindByPerson" classname="edu.mum.coffee.OrderServiceTest" time="3.608">
    <error message="detached entity passed to persist: edu.mum.coffee.domain.Product; nested exception is org.hibernate.PersistentObjectException: detached entity passed to persist: edu.mum.coffee.domain.Product" type="org.springframework.dao.InvalidDataAccessApiUsageException"><![CDATA[org.springframework.dao.InvalidDataAccessApiUsageException: detached entity passed to persist: edu.mum.coffee.domain.Product; nested exception is org.hibernate.PersistentObjectException: detached entity passed to persist: edu.mum.coffee.domain.Product
	at org.hibernate.event.internal.DefaultPersistEventListener.onPersist(DefaultPersistEventListener.java:124)
	at org.hibernate.internal.SessionImpl.firePersist(SessionImpl.java:765)
	at org.hibernate.internal.SessionImpl.persist(SessionImpl.java:758)
	at org.hibernate.jpa.event.internal.core.JpaPersistEventListener$1.cascade(JpaPersistEventListener.java:80)
	at org.hibernate.engine.internal.Cascade.cascadeToOne(Cascade.java:398)
	at org.hibernate.engine.internal.Cascade.cascadeAssociation(Cascade.java:323)
	at org.hibernate.engine.internal.Cascade.cascadeProperty(Cascade.java:162)
	at org.hibernate.engine.internal.Cascade.cascade(Cascade.java:111)
	at org.hibernate.event.internal.AbstractSaveEventListener.cascadeBeforeSave(AbstractSaveEventListener.java:425)
	at org.hibernate.event.internal.AbstractSaveEventListener.performSaveOrReplicate(AbstractSaveEventListener.java:249)
	at org.hibernate.event.internal.AbstractSaveEventListener.performSave(AbstractSaveEventListener.java:178)
	at org.hibernate.event.internal.AbstractSaveEventListener.saveWithGeneratedId(AbstractSaveEventListener.java:109)
	at org.hibernate.jpa.event.internal.core.JpaPersistEventListener.saveWithGeneratedId(JpaPersistEventListener.java:67)
	at org.hibernate.event.internal.DefaultPersistEventListener.entityIsTransient(DefaultPersistEventListener.java:189)
	at org.hibernate.event.internal.DefaultPersistEventListener.onPersist(DefaultPersistEventListener.java:132)
	at org.hibernate.internal.SessionImpl.firePersist(SessionImpl.java:765)
	at org.hibernate.internal.SessionImpl.persist(SessionImpl.java:758)
	at org.hibernate.jpa.event.internal.core.JpaPersistEventListener$1.cascade(JpaPersistEventListener.java:80)
	at org.hibernate.engine.internal.Cascade.cascadeToOne(Cascade.java:398)
	at org.hibernate.engine.internal.Cascade.cascadeAssociation(Cascade.java:323)
	at org.hibernate.engine.internal.Cascade.cascadeProperty(Cascade.java:162)
	at org.hibernate.engine.internal.Cascade.cascadeCollectionElements(Cascade.java:431)
	at org.hibernate.engine.internal.Cascade.cascadeCollection(Cascade.java:363)
	at org.hibernate.engine.internal.Cascade.cascadeAssociation(Cascade.java:326)
	at org.hibernate.engine.internal.Cascade.cascadeProperty(Cascade.java:162)
	at org.hibernate.engine.internal.Cascade.cascade(Cascade.java:111)
	at org.hibernate.event.internal.AbstractSaveEventListener.cascadeAfterSave(AbstractSaveEventListener.java:456)
	at org.hibernate.event.internal.AbstractSaveEventListener.performSaveOrReplicate(AbstractSaveEventListener.java:278)
	at org.hibernate.event.internal.AbstractSaveEventListener.performSave(AbstractSaveEventListener.java:178)
	at org.hibernate.event.internal.AbstractSaveEventListener.saveWithGeneratedId(AbstractSaveEventListener.java:109)
	at org.hibernate.jpa.event.internal.core.JpaPersistEventListener.saveWithGeneratedId(JpaPersistEventListener.java:67)
	at org.hibernate.event.internal.DefaultPersistEventListener.entityIsTransient(DefaultPersistEventListener.java:189)
	at org.hibernate.event.internal.DefaultPersistEventListener.onPersist(DefaultPersistEventListener.java:132)
	at org.hibernate.event.internal.DefaultPersistEventListener.onPersist(DefaultPersistEventListener.java:58)
	at org.hibernate.internal.SessionImpl.firePersist(SessionImpl.java:775)
	at org.hibernate.internal.SessionImpl.persist(SessionImpl.java:748)
	at org.hibernate.internal.SessionImpl.persist(SessionImpl.java:753)
	at org.hibernate.jpa.spi.AbstractEntityManagerImpl.persist(AbstractEntityManagerImpl.java:1146)
	at sun.reflect.GeneratedMethodAccessor77.invoke(Unknown Source)
	at sun.reflect.DelegatingMethodAccessorImpl.invoke(DelegatingMethodAccessorImpl.java:43)
	at java.lang.reflect.Method.invoke(Method.java:498)
	at org.springframework.orm.jpa.SharedEntityManagerCreator$SharedEntityManagerInvocationHandler.invoke(SharedEntityManagerCreator.java:298)
	at com.sun.proxy.$Proxy94.persist(Unknown Source)
	at org.springframework.data.jpa.repository.support.SimpleJpaRepository.save(SimpleJpaRepository.java:508)
	at sun.reflect.GeneratedMethodAccessor76.invoke(Unknown Source)
	at sun.reflect.DelegatingMethodAccessorImpl.invoke(DelegatingMethodAccessorImpl.java:43)
	at java.lang.reflect.Method.invoke(Method.java:498)
	at org.springframework.data.repository.core.support.RepositoryFactorySupport$QueryExecutorMethodInterceptor.executeMethodOn(RepositoryFactorySupport.java:504)
	at org.springframework.data.repository.core.support.RepositoryFactorySupport$QueryExecutorMethodInterceptor.doInvoke(RepositoryFactorySupport.java:489)
	at org.springframework.data.repository.core.support.RepositoryFactorySupport$QueryExecutorMethodInterceptor.invoke(RepositoryFactorySupport.java:461)
	at org.springframework.aop.framework.ReflectiveMethodInvocation.proceed(ReflectiveMethodInvocation.java:179)
	at org.springframework.data.projection.DefaultMethodInvokingMethodInterceptor.invoke(DefaultMethodInvokingMethodInterceptor.java:61)
	at org.springframework.aop.framework.ReflectiveMethodInvocation.proceed(ReflectiveMethodInvocation.java:179)
	at org.springframework.transaction.interceptor.TransactionInterceptor$1.proceedWithInvocation(TransactionInterceptor.java:99)
	at org.springframework.transaction.interceptor.TransactionAspectSupport.invokeWithinTransaction(TransactionAspectSupport.java:282)
	at org.springframework.transaction.interceptor.TransactionInterceptor.invoke(TransactionInterceptor.java:96)
	at org.springframework.aop.framework.ReflectiveMethodInvocation.proceed(ReflectiveMethodInvocation.java:179)
	at org.springframework.dao.support.PersistenceExceptionTranslationInterceptor.invoke(PersistenceExceptionTranslationInterceptor.java:136)
	at org.springframework.aop.framework.ReflectiveMethodInvocation.proceed(ReflectiveMethodInvocation.java:179)
	at org.springframework.data.jpa.repository.support.CrudMethodMetadataPostProcessor$CrudMethodMetadataPopulatingMethodInterceptor.invoke(CrudMethodMetadataPostProcessor.java:133)
	at org.springframework.aop.framework.ReflectiveMethodInvocation.proceed(ReflectiveMethodInvocation.java:179)
	at org.springframework.aop.interceptor.ExposeInvocationInterceptor.invoke(ExposeInvocationInterceptor.java:92)
	at org.springframework.aop.framework.ReflectiveMethodInvocation.proceed(ReflectiveMethodInvocation.java:179)
	at org.springframework.data.repository.core.support.SurroundingTransactionDetectorMethodInterceptor.invoke(SurroundingTransactionDetectorMethodInterceptor.java:57)
	at org.springframework.aop.framework.ReflectiveMethodInvocation.proceed(ReflectiveMethodInvocation.java:179)
	at org.springframework.aop.framework.JdkDynamicAopProxy.invoke(JdkDynamicAopProxy.java:213)
	at com.sun.proxy.$Proxy96.save(Unknown Source)
	at edu.mum.coffee.service.OrderService.save(OrderService.java:22)
	at edu.mum.coffee.service.OrderService$$FastClassBySpringCGLIB$$512fa41.invoke(<generated>)
	at org.springframework.cglib.proxy.MethodProxy.invoke(MethodProxy.java:204)
	at org.springframework.aop.framework.CglibAopProxy$CglibMethodInvocation.invokeJoinpoint(CglibAopProxy.java:738)
	at org.springframework.aop.framework.ReflectiveMethodInvocation.proceed(ReflectiveMethodInvocation.java:157)
	at org.springframework.transaction.interceptor.TransactionInterceptor$1.proceedWithInvocation(TransactionInterceptor.java:99)
	at org.springframework.transaction.interceptor.TransactionAspectSupport.invokeWithinTransaction(TransactionAspectSupport.java:282)
	at org.springframework.transaction.interceptor.TransactionInterceptor.invoke(TransactionInterceptor.java:96)
	at org.springframework.aop.framework.ReflectiveMethodInvocation.proceed(ReflectiveMethodInvocation.java:179)
	at org.springframework.aop.framework.CglibAopProxy$DynamicAdvisedInterceptor.intercept(CglibAopProxy.java:673)
	at edu.mum.coffee.service.OrderService$$EnhancerBySpringCGLIB$$9e9d14b1.save(<generated>)
	at edu.mum.coffee.OrderServiceTest.setUp(OrderServiceTest.java:78)
]]></error>
    <system-out><![CDATA[02:48:05.772 [main] DEBUG org.springframework.test.context.junit4.SpringJUnit4ClassRunner - SpringJUnit4ClassRunner constructor called with [class edu.mum.coffee.OrderServiceTest]
02:48:05.879 [main] DEBUG org.springframework.test.context.BootstrapUtils - Instantiating CacheAwareContextLoaderDelegate from class [org.springframework.test.context.cache.DefaultCacheAwareContextLoaderDelegate]
02:48:05.973 [main] DEBUG org.springframework.test.context.BootstrapUtils - Instantiating BootstrapContext using constructor [public org.springframework.test.context.support.DefaultBootstrapContext(java.lang.Class,org.springframework.test.context.CacheAwareContextLoaderDelegate)]
02:48:06.252 [main] DEBUG org.springframework.test.context.BootstrapUtils - Instantiating TestContextBootstrapper for test class [edu.mum.coffee.OrderServiceTest] from class [org.springframework.boot.test.context.SpringBootTestContextBootstrapper]
02:48:06.514 [main] INFO org.springframework.boot.test.context.SpringBootTestContextBootstrapper - Neither @ContextConfiguration nor @ContextHierarchy found for test class [edu.mum.coffee.OrderServiceTest], using SpringBootContextLoader
02:48:06.534 [main] DEBUG org.springframework.test.context.support.AbstractContextLoader - Did not detect default resource location for test class [edu.mum.coffee.OrderServiceTest]: class path resource [edu/mum/coffee/OrderServiceTest-context.xml] does not exist
02:48:06.536 [main] DEBUG org.springframework.test.context.support.AbstractContextLoader - Did not detect default resource location for test class [edu.mum.coffee.OrderServiceTest]: class path resource [edu/mum/coffee/OrderServiceTestContext.groovy] does not exist
02:48:06.538 [main] INFO org.springframework.test.context.support.AbstractContextLoader - Could not detect default resource locations for test class [edu.mum.coffee.OrderServiceTest]: no resource found for suffixes {-context.xml, Context.groovy}.
02:48:06.554 [main] INFO org.springframework.test.context.support.AnnotationConfigContextLoaderUtils - Could not detect default configuration classes for test class [edu.mum.coffee.OrderServiceTest]: OrderServiceTest does not declare any static, non-private, non-final, nested classes annotated with @Configuration.
02:48:06.908 [main] DEBUG org.springframework.test.context.support.ActiveProfilesUtils - Could not find an 'annotation declaring class' for annotation type [org.springframework.test.context.ActiveProfiles] and class [edu.mum.coffee.OrderServiceTest]
02:48:06.971 [main] DEBUG org.springframework.core.env.StandardEnvironment - Adding [systemProperties] PropertySource with lowest search precedence
02:48:06.973 [main] DEBUG org.springframework.core.env.StandardEnvironment - Adding [systemEnvironment] PropertySource with lowest search precedence
02:48:06.975 [main] DEBUG org.springframework.core.env.StandardEnvironment - Initialized StandardEnvironment with PropertySources [systemProperties,systemEnvironment]
02:48:07.055 [main] DEBUG org.springframework.core.io.support.PathMatchingResourcePatternResolver - Resolved classpath location [edu/mum/coffee/] to resources [URL [file:/C:/Users/hp/Documents/springCoffeeShopWebApp/target/test-classes/edu/mum/coffee/], URL [file:/C:/Users/hp/Documents/springCoffeeShopWebApp/target/classes/edu/mum/coffee/]]
02:48:07.058 [main] DEBUG org.springframework.core.io.support.PathMatchingResourcePatternResolver - Looking for matching resources in directory tree [C:\Users\hp\Documents\springCoffeeShopWebApp\target\test-classes\edu\mum\coffee]
02:48:07.064 [main] DEBUG org.springframework.core.io.support.PathMatchingResourcePatternResolver - Searching directory [C:\Users\hp\Documents\springCoffeeShopWebApp\target\test-classes\edu\mum\coffee] for files matching pattern [C:/Users/hp/Documents/springCoffeeShopWebApp/target/test-classes/edu/mum/coffee/*.class]
02:48:07.101 [main] DEBUG org.springframework.core.io.support.PathMatchingResourcePatternResolver - Looking for matching resources in directory tree [C:\Users\hp\Documents\springCoffeeShopWebApp\target\classes\edu\mum\coffee]
02:48:07.102 [main] DEBUG org.springframework.core.io.support.PathMatchingResourcePatternResolver - Searching directory [C:\Users\hp\Documents\springCoffeeShopWebApp\target\classes\edu\mum\coffee] for files matching pattern [C:/Users/hp/Documents/springCoffeeShopWebApp/target/classes/edu/mum/coffee/*.class]
02:48:07.111 [main] DEBUG org.springframework.core.io.support.PathMatchingResourcePatternResolver - Resolved location pattern [classpath*:edu/mum/coffee/*.class] to resources [file [C:\Users\hp\Documents\springCoffeeShopWebApp\target\test-classes\edu\mum\coffee\OrderServiceTest.class], file [C:\Users\hp\Documents\springCoffeeShopWebApp\target\test-classes\edu\mum\coffee\PersonServiceTest.class], file [C:\Users\hp\Documents\springCoffeeShopWebApp\target\test-classes\edu\mum\coffee\ProductServiceTest.class], file [C:\Users\hp\Documents\springCoffeeShopWebApp\target\classes\edu\mum\coffee\CoffeShopApplication.class]]
02:48:07.570 [main] DEBUG org.springframework.context.annotation.ClassPathScanningCandidateComponentProvider - Identified candidate component class: file [C:\Users\hp\Documents\springCoffeeShopWebApp\target\classes\edu\mum\coffee\CoffeShopApplication.class]
02:48:07.575 [main] INFO org.springframework.boot.test.context.SpringBootTestContextBootstrapper - Found @SpringBootConfiguration edu.mum.coffee.CoffeShopApplication for test class edu.mum.coffee.OrderServiceTest
02:48:07.605 [main] DEBUG org.springframework.boot.test.context.SpringBootTestContextBootstrapper - @TestExecutionListeners is not present for class [edu.mum.coffee.OrderServiceTest]: using defaults.
02:48:07.653 [main] INFO org.springframework.boot.test.context.SpringBootTestContextBootstrapper - Loaded default TestExecutionListener class names from location [META-INF/spring.factories]: [org.springframework.boot.test.mock.mockito.MockitoTestExecutionListener, org.springframework.boot.test.mock.mockito.ResetMocksTestExecutionListener, org.springframework.boot.test.autoconfigure.restdocs.RestDocsTestExecutionListener, org.springframework.boot.test.autoconfigure.web.client.MockRestServiceServerResetTestExecutionListener, org.springframework.boot.test.autoconfigure.web.servlet.MockMvcPrintOnlyOnFailureTestExecutionListener, org.springframework.boot.test.autoconfigure.web.servlet.WebDriverTestExecutionListener, org.springframework.test.context.web.ServletTestExecutionListener, org.springframework.test.context.support.DirtiesContextBeforeModesTestExecutionListener, org.springframework.test.context.support.DependencyInjectionTestExecutionListener, org.springframework.test.context.support.DirtiesContextTestExecutionListener, org.springframework.test.context.transaction.TransactionalTestExecutionListener, org.springframework.test.context.jdbc.SqlScriptsTestExecutionListener]
02:48:07.838 [main] INFO org.springframework.boot.test.context.SpringBootTestContextBootstrapper - Using TestExecutionListeners: [org.springframework.test.context.web.ServletTestExecutionListener@797badd3, org.springframework.test.context.support.DirtiesContextBeforeModesTestExecutionListener@77be656f, org.springframework.boot.test.autoconfigure.SpringBootDependencyInjectionTestExecutionListener@19dc67c2, org.springframework.test.context.support.DirtiesContextTestExecutionListener@221af3c0, org.springframework.test.context.transaction.TransactionalTestExecutionListener@62bd765, org.springframework.test.context.jdbc.SqlScriptsTestExecutionListener@23a5fd2, org.springframework.boot.test.autoconfigure.web.client.MockRestServiceServerResetTestExecutionListener@78a2da20, org.springframework.boot.test.autoconfigure.web.servlet.MockMvcPrintOnlyOnFailureTestExecutionListener@dd3b207, org.springframework.boot.test.autoconfigure.restdocs.RestDocsTestExecutionListener@551bdc27, org.springframework.boot.test.mock.mockito.MockitoTestExecutionListener@58fdd99, org.springframework.boot.test.autoconfigure.web.servlet.WebDriverTestExecutionListener@6b1274d2, org.springframework.boot.test.mock.mockito.ResetMocksTestExecutionListener@7bc1a03d]
02:48:07.841 [main] DEBUG org.springframework.test.context.junit4.SpringJUnit4ClassRunner - SpringJUnit4ClassRunner constructor called with [class edu.mum.coffee.PersonServiceTest]
02:48:07.842 [main] DEBUG org.springframework.test.context.BootstrapUtils - Instantiating CacheAwareContextLoaderDelegate from class [org.springframework.test.context.cache.DefaultCacheAwareContextLoaderDelegate]
02:48:07.843 [main] DEBUG org.springframework.test.context.BootstrapUtils - Instantiating BootstrapContext using constructor [public org.springframework.test.context.support.DefaultBootstrapContext(java.lang.Class,org.springframework.test.context.CacheAwareContextLoaderDelegate)]
02:48:07.845 [main] DEBUG org.springframework.test.context.BootstrapUtils - Instantiating TestContextBootstrapper for test class [edu.mum.coffee.PersonServiceTest] from class [org.springframework.boot.test.context.SpringBootTestContextBootstrapper]
02:48:07.848 [main] INFO org.springframework.boot.test.context.SpringBootTestContextBootstrapper - Neither @ContextConfiguration nor @ContextHierarchy found for test class [edu.mum.coffee.PersonServiceTest], using SpringBootContextLoader
02:48:07.851 [main] DEBUG org.springframework.test.context.support.AbstractContextLoader - Did not detect default resource location for test class [edu.mum.coffee.PersonServiceTest]: class path resource [edu/mum/coffee/PersonServiceTest-context.xml] does not exist
02:48:07.853 [main] DEBUG org.springframework.test.context.support.AbstractContextLoader - Did not detect default resource location for test class [edu.mum.coffee.PersonServiceTest]: class path resource [edu/mum/coffee/PersonServiceTestContext.groovy] does not exist
02:48:07.854 [main] INFO org.springframework.test.context.support.AbstractContextLoader - Could not detect default resource locations for test class [edu.mum.coffee.PersonServiceTest]: no resource found for suffixes {-context.xml, Context.groovy}.
02:48:07.855 [main] INFO org.springframework.test.context.support.AnnotationConfigContextLoaderUtils - Could not detect default configuration classes for test class [edu.mum.coffee.PersonServiceTest]: PersonServiceTest does not declare any static, non-private, non-final, nested classes annotated with @Configuration.
02:48:07.890 [main] DEBUG org.springframework.test.context.support.ActiveProfilesUtils - Could not find an 'annotation declaring class' for annotation type [org.springframework.test.context.ActiveProfiles] and class [edu.mum.coffee.PersonServiceTest]
02:48:07.893 [main] DEBUG org.springframework.core.env.StandardEnvironment - Adding [systemProperties] PropertySource with lowest search precedence
02:48:07.894 [main] DEBUG org.springframework.core.env.StandardEnvironment - Adding [systemEnvironment] PropertySource with lowest search precedence
02:48:07.899 [main] DEBUG org.springframework.core.env.StandardEnvironment - Initialized StandardEnvironment with PropertySources [systemProperties,systemEnvironment]
02:48:07.900 [main] INFO org.springframework.boot.test.context.SpringBootTestContextBootstrapper - Found @SpringBootConfiguration edu.mum.coffee.CoffeShopApplication for test class edu.mum.coffee.PersonServiceTest
02:48:07.920 [main] DEBUG org.springframework.boot.test.context.SpringBootTestContextBootstrapper - @TestExecutionListeners is not present for class [edu.mum.coffee.PersonServiceTest]: using defaults.
02:48:07.942 [main] INFO org.springframework.boot.test.context.SpringBootTestContextBootstrapper - Loaded default TestExecutionListener class names from location [META-INF/spring.factories]: [org.springframework.boot.test.mock.mockito.MockitoTestExecutionListener, org.springframework.boot.test.mock.mockito.ResetMocksTestExecutionListener, org.springframework.boot.test.autoconfigure.restdocs.RestDocsTestExecutionListener, org.springframework.boot.test.autoconfigure.web.client.MockRestServiceServerResetTestExecutionListener, org.springframework.boot.test.autoconfigure.web.servlet.MockMvcPrintOnlyOnFailureTestExecutionListener, org.springframework.boot.test.autoconfigure.web.servlet.WebDriverTestExecutionListener, org.springframework.test.context.web.ServletTestExecutionListener, org.springframework.test.context.support.DirtiesContextBeforeModesTestExecutionListener, org.springframework.test.context.support.DependencyInjectionTestExecutionListener, org.springframework.test.context.support.DirtiesContextTestExecutionListener, org.springframework.test.context.transaction.TransactionalTestExecutionListener, org.springframework.test.context.jdbc.SqlScriptsTestExecutionListener]
02:48:07.963 [main] INFO org.springframework.boot.test.context.SpringBootTestContextBootstrapper - Using TestExecutionListeners: [org.springframework.test.context.web.ServletTestExecutionListener@67e2d983, org.springframework.test.context.support.DirtiesContextBeforeModesTestExecutionListener@5d47c63f, org.springframework.boot.test.autoconfigure.SpringBootDependencyInjectionTestExecutionListener@5ea434c8, org.springframework.test.context.support.DirtiesContextTestExecutionListener@3bbc39f8, org.springframework.test.context.transaction.TransactionalTestExecutionListener@4ae3c1cd, org.springframework.test.context.jdbc.SqlScriptsTestExecutionListener@29f69090, org.springframework.boot.test.autoconfigure.web.client.MockRestServiceServerResetTestExecutionListener@568bf312, org.springframework.boot.test.autoconfigure.web.servlet.MockMvcPrintOnlyOnFailureTestExecutionListener@ca263c2, org.springframework.boot.test.autoconfigure.restdocs.RestDocsTestExecutionListener@589b3632, org.springframework.boot.test.mock.mockito.MockitoTestExecutionListener@45f45fa1, org.springframework.boot.test.autoconfigure.web.servlet.WebDriverTestExecutionListener@4c6e276e, org.springframework.boot.test.mock.mockito.ResetMocksTestExecutionListener@534df152]
02:48:07.969 [main] DEBUG org.springframework.test.context.junit4.SpringJUnit4ClassRunner - SpringJUnit4ClassRunner constructor called with [class edu.mum.coffee.ProductServiceTest]
02:48:07.970 [main] DEBUG org.springframework.test.context.BootstrapUtils - Instantiating CacheAwareContextLoaderDelegate from class [org.springframework.test.context.cache.DefaultCacheAwareContextLoaderDelegate]
02:48:07.972 [main] DEBUG org.springframework.test.context.BootstrapUtils - Instantiating BootstrapContext using constructor [public org.springframework.test.context.support.DefaultBootstrapContext(java.lang.Class,org.springframework.test.context.CacheAwareContextLoaderDelegate)]
02:48:07.974 [main] DEBUG org.springframework.test.context.BootstrapUtils - Instantiating TestContextBootstrapper for test class [edu.mum.coffee.ProductServiceTest] from class [org.springframework.boot.test.context.SpringBootTestContextBootstrapper]
02:48:07.978 [main] INFO org.springframework.boot.test.context.SpringBootTestContextBootstrapper - Neither @ContextConfiguration nor @ContextHierarchy found for test class [edu.mum.coffee.ProductServiceTest], using SpringBootContextLoader
02:48:07.989 [main] DEBUG org.springframework.test.context.support.AbstractContextLoader - Did not detect default resource location for test class [edu.mum.coffee.ProductServiceTest]: class path resource [edu/mum/coffee/ProductServiceTest-context.xml] does not exist
02:48:07.992 [main] DEBUG org.springframework.test.context.support.AbstractContextLoader - Did not detect default resource location for test class [edu.mum.coffee.ProductServiceTest]: class path resource [edu/mum/coffee/ProductServiceTestContext.groovy] does not exist
02:48:07.993 [main] INFO org.springframework.test.context.support.AbstractContextLoader - Could not detect default resource locations for test class [edu.mum.coffee.ProductServiceTest]: no resource found for suffixes {-context.xml, Context.groovy}.
02:48:07.994 [main] INFO org.springframework.test.context.support.AnnotationConfigContextLoaderUtils - Could not detect default configuration classes for test class [edu.mum.coffee.ProductServiceTest]: ProductServiceTest does not declare any static, non-private, non-final, nested classes annotated with @Configuration.
02:48:08.029 [main] DEBUG org.springframework.test.context.support.ActiveProfilesUtils - Could not find an 'annotation declaring class' for annotation type [org.springframework.test.context.ActiveProfiles] and class [edu.mum.coffee.ProductServiceTest]
02:48:08.031 [main] DEBUG org.springframework.core.env.StandardEnvironment - Adding [systemProperties] PropertySource with lowest search precedence
02:48:08.033 [main] DEBUG org.springframework.core.env.StandardEnvironment - Adding [systemEnvironment] PropertySource with lowest search precedence
02:48:08.034 [main] DEBUG org.springframework.core.env.StandardEnvironment - Initialized StandardEnvironment with PropertySources [systemProperties,systemEnvironment]
02:48:08.036 [main] INFO org.springframework.boot.test.context.SpringBootTestContextBootstrapper - Found @SpringBootConfiguration edu.mum.coffee.CoffeShopApplication for test class edu.mum.coffee.ProductServiceTest
02:48:08.040 [main] DEBUG org.springframework.boot.test.context.SpringBootTestContextBootstrapper - @TestExecutionListeners is not present for class [edu.mum.coffee.ProductServiceTest]: using defaults.
02:48:08.062 [main] INFO org.springframework.boot.test.context.SpringBootTestContextBootstrapper - Loaded default TestExecutionListener class names from location [META-INF/spring.factories]: [org.springframework.boot.test.mock.mockito.MockitoTestExecutionListener, org.springframework.boot.test.mock.mockito.ResetMocksTestExecutionListener, org.springframework.boot.test.autoconfigure.restdocs.RestDocsTestExecutionListener, org.springframework.boot.test.autoconfigure.web.client.MockRestServiceServerResetTestExecutionListener, org.springframework.boot.test.autoconfigure.web.servlet.MockMvcPrintOnlyOnFailureTestExecutionListener, org.springframework.boot.test.autoconfigure.web.servlet.WebDriverTestExecutionListener, org.springframework.test.context.web.ServletTestExecutionListener, org.springframework.test.context.support.DirtiesContextBeforeModesTestExecutionListener, org.springframework.test.context.support.DependencyInjectionTestExecutionListener, org.springframework.test.context.support.DirtiesContextTestExecutionListener, org.springframework.test.context.transaction.TransactionalTestExecutionListener, org.springframework.test.context.jdbc.SqlScriptsTestExecutionListener]
02:48:08.107 [main] INFO org.springframework.boot.test.context.SpringBootTestContextBootstrapper - Using TestExecutionListeners: [org.springframework.test.context.web.ServletTestExecutionListener@13acb0d1, org.springframework.test.context.support.DirtiesContextBeforeModesTestExecutionListener@3e3047e6, org.springframework.boot.test.autoconfigure.SpringBootDependencyInjectionTestExecutionListener@37e547da, org.springframework.test.context.support.DirtiesContextTestExecutionListener@2b6856dd, org.springframework.test.context.transaction.TransactionalTestExecutionListener@5db45159, org.springframework.test.context.jdbc.SqlScriptsTestExecutionListener@6107227e, org.springframework.boot.test.autoconfigure.web.client.MockRestServiceServerResetTestExecutionListener@7c417213, org.springframework.boot.test.autoconfigure.web.servlet.MockMvcPrintOnlyOnFailureTestExecutionListener@15761df8, org.springframework.boot.test.autoconfigure.restdocs.RestDocsTestExecutionListener@6ab7a896, org.springframework.boot.test.mock.mockito.MockitoTestExecutionListener@327b636c, org.springframework.boot.test.autoconfigure.web.servlet.WebDriverTestExecutionListener@45dd4eda, org.springframework.boot.test.mock.mockito.ResetMocksTestExecutionListener@60611244]
02:48:08.125 [main] DEBUG org.springframework.test.annotation.ProfileValueUtils - Retrieved @ProfileValueSourceConfiguration [null] for test class [edu.mum.coffee.OrderServiceTest]
02:48:08.130 [main] DEBUG org.springframework.test.annotation.ProfileValueUtils - Retrieved ProfileValueSource type [class org.springframework.test.annotation.SystemProfileValueSource] for class [edu.mum.coffee.OrderServiceTest]
02:48:08.135 [main] DEBUG org.springframework.test.annotation.ProfileValueUtils - Retrieved @ProfileValueSourceConfiguration [null] for test class [edu.mum.coffee.PersonServiceTest]
02:48:08.138 [main] DEBUG org.springframework.test.annotation.ProfileValueUtils - Retrieved ProfileValueSource type [class org.springframework.test.annotation.SystemProfileValueSource] for class [edu.mum.coffee.PersonServiceTest]
02:48:08.158 [main] DEBUG org.springframework.test.annotation.ProfileValueUtils - Retrieved @ProfileValueSourceConfiguration [null] for test class [edu.mum.coffee.ProductServiceTest]
02:48:08.170 [main] DEBUG org.springframework.test.annotation.ProfileValueUtils - Retrieved ProfileValueSource type [class org.springframework.test.annotation.SystemProfileValueSource] for class [edu.mum.coffee.ProductServiceTest]
02:48:08.221 [main] DEBUG org.springframework.test.context.junit4.SpringJUnit4ClassRunner - SpringJUnit4ClassRunner constructor called with [class edu.mum.coffee.OrderServiceTest]
02:48:08.223 [main] DEBUG org.springframework.test.context.BootstrapUtils - Instantiating CacheAwareContextLoaderDelegate from class [org.springframework.test.context.cache.DefaultCacheAwareContextLoaderDelegate]
02:48:08.225 [main] DEBUG org.springframework.test.context.BootstrapUtils - Instantiating BootstrapContext using constructor [public org.springframework.test.context.support.DefaultBootstrapContext(java.lang.Class,org.springframework.test.context.CacheAwareContextLoaderDelegate)]
02:48:08.232 [main] DEBUG org.springframework.test.context.BootstrapUtils - Instantiating TestContextBootstrapper for test class [edu.mum.coffee.OrderServiceTest] from class [org.springframework.boot.test.context.SpringBootTestContextBootstrapper]
02:48:08.242 [main] INFO org.springframework.boot.test.context.SpringBootTestContextBootstrapper - Neither @ContextConfiguration nor @ContextHierarchy found for test class [edu.mum.coffee.OrderServiceTest], using SpringBootContextLoader
02:48:08.251 [main] DEBUG org.springframework.test.context.support.AbstractContextLoader - Did not detect default resource location for test class [edu.mum.coffee.OrderServiceTest]: class path resource [edu/mum/coffee/OrderServiceTest-context.xml] does not exist
02:48:08.253 [main] DEBUG org.springframework.test.context.support.AbstractContextLoader - Did not detect default resource location for test class [edu.mum.coffee.OrderServiceTest]: class path resource [edu/mum/coffee/OrderServiceTestContext.groovy] does not exist
02:48:08.254 [main] INFO org.springframework.test.context.support.AbstractContextLoader - Could not detect default resource locations for test class [edu.mum.coffee.OrderServiceTest]: no resource found for suffixes {-context.xml, Context.groovy}.
02:48:08.255 [main] INFO org.springframework.test.context.support.AnnotationConfigContextLoaderUtils - Could not detect default configuration classes for test class [edu.mum.coffee.OrderServiceTest]: OrderServiceTest does not declare any static, non-private, non-final, nested classes annotated with @Configuration.
02:48:08.307 [main] DEBUG org.springframework.test.context.support.ActiveProfilesUtils - Could not find an 'annotation declaring class' for annotation type [org.springframework.test.context.ActiveProfiles] and class [edu.mum.coffee.OrderServiceTest]
02:48:08.308 [main] DEBUG org.springframework.core.env.StandardEnvironment - Adding [systemProperties] PropertySource with lowest search precedence
02:48:08.309 [main] DEBUG org.springframework.core.env.StandardEnvironment - Adding [systemEnvironment] PropertySource with lowest search precedence
02:48:08.311 [main] DEBUG org.springframework.core.env.StandardEnvironment - Initialized StandardEnvironment with PropertySources [systemProperties,systemEnvironment]
02:48:08.312 [main] INFO org.springframework.boot.test.context.SpringBootTestContextBootstrapper - Found @SpringBootConfiguration edu.mum.coffee.CoffeShopApplication for test class edu.mum.coffee.OrderServiceTest
02:48:08.328 [main] DEBUG org.springframework.boot.test.context.SpringBootTestContextBootstrapper - @TestExecutionListeners is not present for class [edu.mum.coffee.OrderServiceTest]: using defaults.
02:48:08.366 [main] INFO org.springframework.boot.test.context.SpringBootTestContextBootstrapper - Loaded default TestExecutionListener class names from location [META-INF/spring.factories]: [org.springframework.boot.test.mock.mockito.MockitoTestExecutionListener, org.springframework.boot.test.mock.mockito.ResetMocksTestExecutionListener, org.springframework.boot.test.autoconfigure.restdocs.RestDocsTestExecutionListener, org.springframework.boot.test.autoconfigure.web.client.MockRestServiceServerResetTestExecutionListener, org.springframework.boot.test.autoconfigure.web.servlet.MockMvcPrintOnlyOnFailureTestExecutionListener, org.springframework.boot.test.autoconfigure.web.servlet.WebDriverTestExecutionListener, org.springframework.test.context.web.ServletTestExecutionListener, org.springframework.test.context.support.DirtiesContextBeforeModesTestExecutionListener, org.springframework.test.context.support.DependencyInjectionTestExecutionListener, org.springframework.test.context.support.DirtiesContextTestExecutionListener, org.springframework.test.context.transaction.TransactionalTestExecutionListener, org.springframework.test.context.jdbc.SqlScriptsTestExecutionListener]
02:48:08.395 [main] INFO org.springframework.boot.test.context.SpringBootTestContextBootstrapper - Using TestExecutionListeners: [org.springframework.test.context.web.ServletTestExecutionListener@15b204a1, org.springframework.test.context.support.DirtiesContextBeforeModesTestExecutionListener@77167fb7, org.springframework.boot.test.autoconfigure.SpringBootDependencyInjectionTestExecutionListener@1fe20588, org.springframework.test.context.support.DirtiesContextTestExecutionListener@6ce139a4, org.springframework.test.context.transaction.TransactionalTestExecutionListener@6973bf95, org.springframework.test.context.jdbc.SqlScriptsTestExecutionListener@2ddc8ecb, org.springframework.boot.test.autoconfigure.web.client.MockRestServiceServerResetTestExecutionListener@229d10bd, org.springframework.boot.test.autoconfigure.web.servlet.MockMvcPrintOnlyOnFailureTestExecutionListener@47542153, org.springframework.boot.test.autoconfigure.restdocs.RestDocsTestExecutionListener@33afa13b, org.springframework.boot.test.mock.mockito.MockitoTestExecutionListener@7a4ccb53, org.springframework.boot.test.autoconfigure.web.servlet.WebDriverTestExecutionListener@309e345f, org.springframework.boot.test.mock.mockito.ResetMocksTestExecutionListener@56a6d5a6]
02:48:08.403 [main] DEBUG org.springframework.test.annotation.ProfileValueUtils - Retrieved @ProfileValueSourceConfiguration [null] for test class [edu.mum.coffee.OrderServiceTest]
02:48:08.405 [main] DEBUG org.springframework.test.annotation.ProfileValueUtils - Retrieved ProfileValueSource type [class org.springframework.test.annotation.SystemProfileValueSource] for class [edu.mum.coffee.OrderServiceTest]
02:48:08.411 [main] DEBUG org.springframework.test.annotation.ProfileValueUtils - Retrieved @ProfileValueSourceConfiguration [null] for test class [edu.mum.coffee.OrderServiceTest]
02:48:08.412 [main] DEBUG org.springframework.test.annotation.ProfileValueUtils - Retrieved ProfileValueSource type [class org.springframework.test.annotation.SystemProfileValueSource] for class [edu.mum.coffee.OrderServiceTest]
02:48:08.444 [main] DEBUG org.springframework.test.context.support.AbstractDirtiesContextTestExecutionListener - Before test class: context [DefaultTestContext@12b0404f testClass = OrderServiceTest, testInstance = [null], testMethod = [null], testException = [null], mergedContextConfiguration = [WebMergedContextConfiguration@769e7ee8 testClass = OrderServiceTest, locations = '{}', classes = '{class edu.mum.coffee.CoffeShopApplication}', contextInitializerClasses = '[]', activeProfiles = '{}', propertySourceLocations = '{}', propertySourceProperties = '{org.springframework.boot.test.context.SpringBootTestContextBootstrapper=true}', contextCustomizers = set[org.springframework.boot.test.context.SpringBootTestContextCustomizer@3dd4520b, org.springframework.boot.test.context.filter.ExcludeFilterContextCustomizer@43814d18, org.springframework.boot.test.mock.mockito.MockitoContextCustomizer@0, org.springframework.boot.test.autoconfigure.properties.PropertyMappingContextCustomizer@0, org.springframework.boot.test.autoconfigure.web.servlet.WebDriverContextCustomizerFactory$Customizer@4f063c0a], resourceBasePath = 'src/main/webapp', contextLoader = 'org.springframework.boot.test.context.SpringBootContextLoader', parent = [null]]], class annotated with @DirtiesContext [false] with mode [null].
02:48:08.450 [main] DEBUG org.springframework.test.annotation.ProfileValueUtils - Retrieved @ProfileValueSourceConfiguration [null] for test class [edu.mum.coffee.OrderServiceTest]
02:48:08.451 [main] DEBUG org.springframework.test.annotation.ProfileValueUtils - Retrieved ProfileValueSource type [class org.springframework.test.annotation.SystemProfileValueSource] for class [edu.mum.coffee.OrderServiceTest]
02:48:09.121 [main] DEBUG org.springframework.core.env.StandardEnvironment - Adding [systemProperties] PropertySource with lowest search precedence
02:48:09.123 [main] DEBUG org.springframework.core.env.StandardEnvironment - Adding [systemEnvironment] PropertySource with lowest search precedence
02:48:09.123 [main] DEBUG org.springframework.core.env.StandardEnvironment - Initialized StandardEnvironment with PropertySources [systemProperties,systemEnvironment]
02:48:09.133 [main] DEBUG org.springframework.core.env.MutablePropertySources - Adding [inline] PropertySource with highest search precedence
02:48:09.176 [main] DEBUG org.springframework.test.context.support.TestPropertySourceUtils - Adding inlined properties to environment: {spring.jmx.enabled=false, org.springframework.boot.test.context.SpringBootTestContextBootstrapper=true, server.port=-1}
02:48:09.177 [main] DEBUG org.springframework.core.env.StandardEnvironment - Adding [Inlined Test Properties] PropertySource with highest search precedence

  .   ____          _            __ _ _
 /\\ / ___'_ __ _ _(_)_ __  __ _ \ \ \ \
( ( )\___ | '_ | '_| | '_ \/ _` | \ \ \ \
 \\/  ___)| |_)| | | | | || (_| |  ) ) ) )
  '  |____| .__|_| |_|_| |_\__, | / / / /
 =========|_|==============|___/=/_/_/_/
 :: Spring Boot ::        (v1.5.3.RELEASE)

2017-06-22 02:48:11.373  INFO 6664 --- [           main] edu.mum.coffee.OrderServiceTest          : Starting OrderServiceTest on hp-pc with PID 6664 (started by destalem in C:\Users\hp\Documents\springCoffeeShopWebApp)
2017-06-22 02:48:11.379  INFO 6664 --- [           main] edu.mum.coffee.OrderServiceTest          : No active profile set, falling back to default profiles: default
2017-06-22 02:48:11.836  INFO 6664 --- [           main] o.s.w.c.s.GenericWebApplicationContext   : Refreshing org.springframework.web.context.support.GenericWebApplicationContext@55a147cc: startup date [Thu Jun 22 02:48:11 CDT 2017]; root of context hierarchy
2017-06-22 02:48:17.111  INFO 6664 --- [           main] o.s.b.f.s.DefaultListableBeanFactory     : Overriding bean definition for bean 'personService' with a different definition: replacing [Generic bean: class [edu.mum.coffee.service.PersonService]; scope=singleton; abstract=false; lazyInit=false; autowireMode=0; dependencyCheck=0; autowireCandidate=true; primary=false; factoryBeanName=null; factoryMethodName=null; initMethodName=null; destroyMethodName=null; defined in file [C:\Users\hp\Documents\springCoffeeShopWebApp\target\classes\edu\mum\coffee\service\PersonService.class]] with [Root bean: class [null]; scope=; abstract=false; lazyInit=false; autowireMode=3; dependencyCheck=0; autowireCandidate=true; primary=false; factoryBeanName=daoConfig; factoryMethodName=personService; initMethodName=null; destroyMethodName=(inferred); defined in class path resource [edu/mum/coffee/wsController/DaoConfig.class]]
2017-06-22 02:48:26.474  INFO 6664 --- [           main] j.LocalContainerEntityManagerFactoryBean : Building JPA container EntityManagerFactory for persistence unit 'default'
2017-06-22 02:48:26.559  INFO 6664 --- [           main] o.hibernate.jpa.internal.util.LogHelper  : HHH000204: Processing PersistenceUnitInfo [
	name: default
	...]
2017-06-22 02:48:26.998  INFO 6664 --- [           main] org.hibernate.Version                    : HHH000412: Hibernate Core {5.0.12.Final}
2017-06-22 02:48:27.004  INFO 6664 --- [           main] org.hibernate.cfg.Environment            : HHH000206: hibernate.properties not found
2017-06-22 02:48:27.011  INFO 6664 --- [           main] org.hibernate.cfg.Environment            : HHH000021: Bytecode provider name : javassist
2017-06-22 02:48:27.267  INFO 6664 --- [           main] o.hibernate.annotations.common.Version   : HCANN000001: Hibernate Commons Annotations {5.0.1.Final}
2017-06-22 02:48:27.773  INFO 6664 --- [           main] org.hibernate.dialect.Dialect            : HHH000400: Using dialect: org.hibernate.dialect.MySQL5Dialect
2017-06-22 02:48:32.245  INFO 6664 --- [           main] j.LocalContainerEntityManagerFactoryBean : Initialized JPA EntityManagerFactory for persistence unit 'default'
2017-06-22 02:48:39.966  INFO 6664 --- [           main] o.s.s.web.DefaultSecurityFilterChain     : Creating filter chain: org.springframework.security.web.util.matcher.AnyRequestMatcher@1, [org.springframework.security.web.context.request.async.WebAsyncManagerIntegrationFilter@6b3d9c38, org.springframework.security.web.context.SecurityContextPersistenceFilter@2cee5365, org.springframework.security.web.header.HeaderWriterFilter@2b9aeedb, org.springframework.security.web.authentication.logout.LogoutFilter@781c2497, org.springframework.security.web.authentication.UsernamePasswordAuthenticationFilter@7cb29ea8, org.springframework.security.web.authentication.ui.DefaultLoginPageGeneratingFilter@4e4f4092, org.springframework.security.web.savedrequest.RequestCacheAwareFilter@56d6a1b1, org.springframework.security.web.servletapi.SecurityContextHolderAwareRequestFilter@2b170932, org.springframework.security.web.authentication.AnonymousAuthenticationFilter@426710f0, org.springframework.security.web.session.SessionManagementFilter@59a09be, org.springframework.security.web.access.ExceptionTranslationFilter@19bfbe28, org.springframework.security.web.access.intercept.FilterSecurityInterceptor@2fba0dac]
2017-06-22 02:48:42.399  INFO 6664 --- [           main] s.w.s.m.m.a.RequestMappingHandlerAdapter : Looking for @ControllerAdvice: org.springframework.web.context.support.GenericWebApplicationContext@55a147cc: startup date [Thu Jun 22 02:48:11 CDT 2017]; root of context hierarchy
2017-06-22 02:48:42.989  INFO 6664 --- [           main] s.w.s.m.m.a.RequestMappingHandlerMapping : Mapped "{[/index || /home],methods=[GET]}" onto public java.lang.String edu.mum.coffee.controller.HomeController.homePage()
2017-06-22 02:48:42.999  INFO 6664 --- [           main] s.w.s.m.m.a.RequestMappingHandlerMapping : Mapped "{[/secure],methods=[GET]}" onto public java.lang.String edu.mum.coffee.controller.HomeController.securePage()
2017-06-22 02:48:43.019  INFO 6664 --- [           main] s.w.s.m.m.a.RequestMappingHandlerMapping : Mapped "{[/order],methods=[GET]}" onto public java.lang.String edu.mum.coffee.controller.OrderController.getAll(org.springframework.ui.Model)
2017-06-22 02:48:43.021  INFO 6664 --- [           main] s.w.s.m.m.a.RequestMappingHandlerMapping : Mapped "{[/placeOrder/{id}],methods=[GET]}" onto public java.lang.String edu.mum.coffee.controller.OrderController.placeOrder(org.springframework.ui.Model,int)
2017-06-22 02:48:43.023  INFO 6664 --- [           main] s.w.s.m.m.a.RequestMappingHandlerMapping : Mapped "{[/orderLine/{id}],methods=[GET]}" onto public java.lang.String edu.mum.coffee.controller.OrderController.getOrderlines(org.springframework.ui.Model,int)
2017-06-22 02:48:43.051  INFO 6664 --- [           main] s.w.s.m.m.a.RequestMappingHandlerMapping : Mapped "{[/orderLine],methods=[GET]}" onto public java.lang.String edu.mum.coffee.controller.OrderController.Orderlines(org.springframework.ui.Model,edu.mum.coffee.domain.Order)
2017-06-22 02:48:43.053  INFO 6664 --- [           main] s.w.s.m.m.a.RequestMappingHandlerMapping : Mapped "{[/addToCart/{id}],methods=[POST]}" onto public java.lang.String edu.mum.coffee.controller.OrderController.addToCart(java.lang.String,org.springframework.ui.Model,edu.mum.coffee.domain.Order,edu.mum.coffee.domain.Orderline,int)
2017-06-22 02:48:43.055  INFO 6664 --- [           main] s.w.s.m.m.a.RequestMappingHandlerMapping : Mapped "{[/shopping],methods=[POST]}" onto public org.springframework.web.servlet.ModelAndView edu.mum.coffee.controller.OrderController.addToCart()
2017-06-22 02:48:43.060  INFO 6664 --- [           main] s.w.s.m.m.a.RequestMappingHandlerMapping : Mapped "{[/order],methods=[POST]}" onto public org.springframework.web.servlet.ModelAndView edu.mum.coffee.controller.OrderController.addOrder(java.lang.String,edu.mum.coffee.domain.Order)
2017-06-22 02:48:43.070  INFO 6664 --- [           main] s.w.s.m.m.a.RequestMappingHandlerMapping : Mapped "{[/persons/{id}],methods=[GET]}" onto public java.lang.String edu.mum.coffee.controller.PersonController.get(java.lang.Long,org.springframework.ui.Model)
2017-06-22 02:48:43.071  INFO 6664 --- [           main] s.w.s.m.m.a.RequestMappingHandlerMapping : Mapped "{[/personUpdate/{id}],methods=[POST]}" onto public java.lang.String edu.mum.coffee.controller.PersonController.update(edu.mum.coffee.domain.Person,java.lang.Long,edu.mum.coffee.domain.Address)
2017-06-22 02:48:43.072  INFO 6664 --- [           main] s.w.s.m.m.a.RequestMappingHandlerMapping : Mapped "{[/delete/{id}],methods=[POST]}" onto public java.lang.String edu.mum.coffee.controller.PersonController.delete(java.lang.Long)
2017-06-22 02:48:43.074  INFO 6664 --- [           main] s.w.s.m.m.a.RequestMappingHandlerMapping : Mapped "{[/person],methods=[GET]}" onto public java.lang.String edu.mum.coffee.controller.PersonController.getAll(org.springframework.ui.Model)
2017-06-22 02:48:43.075  INFO 6664 --- [           main] s.w.s.m.m.a.RequestMappingHandlerMapping : Mapped "{[/savePerson],methods=[POST]}" onto public java.lang.String edu.mum.coffee.controller.PersonController.Person(edu.mum.coffee.domain.Person,edu.mum.coffee.domain.Address)
2017-06-22 02:48:43.080  INFO 6664 --- [           main] s.w.s.m.m.a.RequestMappingHandlerMapping : Mapped "{[/userProfile/],methods=[POST]}" onto public org.springframework.web.servlet.ModelAndView edu.mum.coffee.controller.PersonController.getProfile(java.lang.String)
2017-06-22 02:48:43.081  INFO 6664 --- [           main] s.w.s.m.m.a.RequestMappingHandlerMapping : Mapped "{[/updateProfile/{id}],methods=[POST]}" onto public org.springframework.web.servlet.ModelAndView edu.mum.coffee.controller.PersonController.updateProfile(edu.mum.coffee.domain.Person,java.lang.Long,edu.mum.coffee.domain.Address)
2017-06-22 02:48:43.083  INFO 6664 --- [           main] s.w.s.m.m.a.RequestMappingHandlerMapping : Mapped "{[/addPerson],methods=[GET]}" onto public java.lang.String edu.mum.coffee.controller.PersonController.addPerson(edu.mum.coffee.domain.Person)
2017-06-22 02:48:43.085  INFO 6664 --- [           main] s.w.s.m.m.a.RequestMappingHandlerMapping : Mapped "{[/addAddress],methods=[POST]}" onto public java.lang.String edu.mum.coffee.controller.PersonController.addAdress(edu.mum.coffee.domain.Person,org.springframework.ui.Model)
2017-06-22 02:48:43.131  INFO 6664 --- [           main] s.w.s.m.m.a.RequestMappingHandlerMapping : Mapped "{[/updateProduct/{id}],methods=[POST]}" onto public java.lang.String edu.mum.coffee.controller.ProcductController.update(int,edu.mum.coffee.domain.Product,edu.mum.coffee.domain.ProductType)
2017-06-22 02:48:43.157  INFO 6664 --- [           main] s.w.s.m.m.a.RequestMappingHandlerMapping : Mapped "{[/],methods=[GET]}" onto public java.lang.String edu.mum.coffee.controller.ProcductController.getAll(org.springframework.ui.Model)
2017-06-22 02:48:43.299  INFO 6664 --- [           main] s.w.s.m.m.a.RequestMappingHandlerMapping : Mapped "{[/deleteProduct/{id}],methods=[POST]}" onto public java.lang.String edu.mum.coffee.controller.ProcductController.deleteProduct(int)
2017-06-22 02:48:43.311  INFO 6664 --- [           main] s.w.s.m.m.a.RequestMappingHandlerMapping : Mapped "{[/editProduct/{id}],methods=[POST]}" onto public java.lang.String edu.mum.coffee.controller.ProcductController.editProduct(org.springframework.ui.Model,int)
2017-06-22 02:48:43.315  INFO 6664 --- [           main] s.w.s.m.m.a.RequestMappingHandlerMapping : Mapped "{[/addProduct],methods=[GET]}" onto public java.lang.String edu.mum.coffee.controller.ProcductController.addProduct(org.springframework.ui.Model)
2017-06-22 02:48:43.322  INFO 6664 --- [           main] s.w.s.m.m.a.RequestMappingHandlerMapping : Mapped "{[/addProduct],methods=[POST]}" onto public java.lang.String edu.mum.coffee.controller.ProcductController.addOrder(edu.mum.coffee.domain.Product,edu.mum.coffee.domain.ProductType)
2017-06-22 02:48:43.324  INFO 6664 --- [           main] s.w.s.m.m.a.RequestMappingHandlerMapping : Mapped "{[/success],methods=[GET]}" onto public java.lang.String edu.mum.coffee.controller.ProcductController.addOrder()
2017-06-22 02:48:43.333  INFO 6664 --- [           main] s.w.s.m.m.a.RequestMappingHandlerMapping : Mapped "{[/Rest/order],methods=[GET]}" onto public java.util.List<edu.mum.coffee.domain.Order> edu.mum.coffee.wsController.OrderRestController.getAll()
2017-06-22 02:48:43.334  INFO 6664 --- [           main] s.w.s.m.m.a.RequestMappingHandlerMapping : Mapped "{[/Rest/order],methods=[POST]}" onto public java.lang.String edu.mum.coffee.wsController.OrderRestController.addOrder(edu.mum.coffee.domain.Order)
2017-06-22 02:48:43.354  INFO 6664 --- [           main] s.w.s.m.m.a.RequestMappingHandlerMapping : Mapped "{[/Rest/persont/personId],methods=[POST]}" onto public edu.mum.coffee.domain.Person edu.mum.coffee.wsController.PersonRestController.update(long,edu.mum.coffee.domain.Person)
2017-06-22 02:48:43.376  INFO 6664 --- [           main] s.w.s.m.m.a.RequestMappingHandlerMapping : Mapped "{[/Rest/delete/person],methods=[DELETE]}" onto public java.lang.String edu.mum.coffee.wsController.PersonRestController.delete(edu.mum.coffee.domain.Person)
2017-06-22 02:48:43.385  INFO 6664 --- [           main] s.w.s.m.m.a.RequestMappingHandlerMapping : Mapped "{[/Rest/email],methods=[GET]}" onto public java.util.List<edu.mum.coffee.domain.Person> edu.mum.coffee.wsController.PersonRestController.getAll()
2017-06-22 02:48:43.410  INFO 6664 --- [           main] s.w.s.m.m.a.RequestMappingHandlerMapping : Mapped "{[/Rest/person],methods=[POST]}" onto public java.lang.String edu.mum.coffee.wsController.PersonRestController.addOrder(edu.mum.coffee.domain.Person)
2017-06-22 02:48:43.424  INFO 6664 --- [           main] s.w.s.m.m.a.RequestMappingHandlerMapping : Mapped "{[/Rest/product/productId],methods=[POST]}" onto public edu.mum.coffee.domain.Product edu.mum.coffee.wsController.ProcductRestController.update(int,edu.mum.coffee.domain.Product)
2017-06-22 02:48:43.433  INFO 6664 --- [           main] s.w.s.m.m.a.RequestMappingHandlerMapping : Mapped "{[/Rest/delete/product],methods=[DELETE]}" onto public edu.mum.coffee.domain.Product edu.mum.coffee.wsController.ProcductRestController.delete(edu.mum.coffee.domain.Product)
2017-06-22 02:48:43.435  INFO 6664 --- [           main] s.w.s.m.m.a.RequestMappingHandlerMapping : Mapped "{[/Rest/product],methods=[GET]}" onto public java.util.List<edu.mum.coffee.domain.Product> edu.mum.coffee.wsController.ProcductRestController.getAll()
2017-06-22 02:48:43.442  INFO 6664 --- [           main] s.w.s.m.m.a.RequestMappingHandlerMapping : Mapped "{[/Rest/product],methods=[POST]}" onto public edu.mum.coffee.domain.Product edu.mum.coffee.wsController.ProcductRestController.addOrder(edu.mum.coffee.domain.Product)
2017-06-22 02:48:43.476  INFO 6664 --- [           main] s.w.s.m.m.a.RequestMappingHandlerMapping : Mapped "{[/error]}" onto public org.springframework.http.ResponseEntity<java.util.Map<java.lang.String, java.lang.Object>> org.springframework.boot.autoconfigure.web.BasicErrorController.error(javax.servlet.http.HttpServletRequest)
2017-06-22 02:48:43.481  INFO 6664 --- [           main] s.w.s.m.m.a.RequestMappingHandlerMapping : Mapped "{[/error],produces=[text/html]}" onto public org.springframework.web.servlet.ModelAndView org.springframework.boot.autoconfigure.web.BasicErrorController.errorHtml(javax.servlet.http.HttpServletRequest,javax.servlet.http.HttpServletResponse)
2017-06-22 02:48:44.033  INFO 6664 --- [           main] o.s.w.s.handler.SimpleUrlHandlerMapping  : Mapped URL path [/webjars/**] onto handler of type [class org.springframework.web.servlet.resource.ResourceHttpRequestHandler]
2017-06-22 02:48:44.035  INFO 6664 --- [           main] o.s.w.s.handler.SimpleUrlHandlerMapping  : Mapped URL path [/**] onto handler of type [class org.springframework.web.servlet.resource.ResourceHttpRequestHandler]
2017-06-22 02:48:44.504  INFO 6664 --- [           main] o.s.w.s.handler.SimpleUrlHandlerMapping  : Mapped URL path [/**/favicon.ico] onto handler of type [class org.springframework.web.servlet.resource.ResourceHttpRequestHandler]
2017-06-22 02:48:47.107  INFO 6664 --- [           main] edu.mum.coffee.OrderServiceTest          : Started OrderServiceTest in 37.848 seconds (JVM running for 47.224)
2017-06-22 02:48:48.780  INFO 6664 --- [           main] o.h.h.i.QueryTranslatorFactoryInitiator  : HHH000397: Using ASTQueryTranslatorFactory
]]></system-out>
    <system-err><![CDATA[Thu Jun 22 02:48:25 CDT 2017 WARN: Establishing SSL connection without server's identity verification is not recommended. According to MySQL 5.5.45+, 5.6.26+ and 5.7.6+ requirements SSL connection must be established by default if explicit option isn't set. For compliance with existing applications not using SSL the verifyServerCertificate property is set to 'false'. You need either to explicitly disable SSL by setting useSSL=false, or set useSSL=true and provide truststore for server certificate verification.
Thu Jun 22 02:48:25 CDT 2017 WARN: Establishing SSL connection without server's identity verification is not recommended. According to MySQL 5.5.45+, 5.6.26+ and 5.7.6+ requirements SSL connection must be established by default if explicit option isn't set. For compliance with existing applications not using SSL the verifyServerCertificate property is set to 'false'. You need either to explicitly disable SSL by setting useSSL=false, or set useSSL=true and provide truststore for server certificate verification.
Thu Jun 22 02:48:25 CDT 2017 WARN: Establishing SSL connection without server's identity verification is not recommended. According to MySQL 5.5.45+, 5.6.26+ and 5.7.6+ requirements SSL connection must be established by default if explicit option isn't set. For compliance with existing applications not using SSL the verifyServerCertificate property is set to 'false'. You need either to explicitly disable SSL by setting useSSL=false, or set useSSL=true and provide truststore for server certificate verification.
Thu Jun 22 02:48:25 CDT 2017 WARN: Establishing SSL connection without server's identity verification is not recommended. According to MySQL 5.5.45+, 5.6.26+ and 5.7.6+ requirements SSL connection must be established by default if explicit option isn't set. For compliance with existing applications not using SSL the verifyServerCertificate property is set to 'false'. You need either to explicitly disable SSL by setting useSSL=false, or set useSSL=true and provide truststore for server certificate verification.
Thu Jun 22 02:48:25 CDT 2017 WARN: Establishing SSL connection without server's identity verification is not recommended. According to MySQL 5.5.45+, 5.6.26+ and 5.7.6+ requirements SSL connection must be established by default if explicit option isn't set. For compliance with existing applications not using SSL the verifyServerCertificate property is set to 'false'. You need either to explicitly disable SSL by setting useSSL=false, or set useSSL=true and provide truststore for server certificate verification.
Thu Jun 22 02:48:25 CDT 2017 WARN: Establishing SSL connection without server's identity verification is not recommended. According to MySQL 5.5.45+, 5.6.26+ and 5.7.6+ requirements SSL connection must be established by default if explicit option isn't set. For compliance with existing applications not using SSL the verifyServerCertificate property is set to 'false'. You need either to explicitly disable SSL by setting useSSL=false, or set useSSL=true and provide truststore for server certificate verification.
Thu Jun 22 02:48:25 CDT 2017 WARN: Establishing SSL connection without server's identity verification is not recommended. According to MySQL 5.5.45+, 5.6.26+ and 5.7.6+ requirements SSL connection must be established by default if explicit option isn't set. For compliance with existing applications not using SSL the verifyServerCertificate property is set to 'false'. You need either to explicitly disable SSL by setting useSSL=false, or set useSSL=true and provide truststore for server certificate verification.
Thu Jun 22 02:48:25 CDT 2017 WARN: Establishing SSL connection without server's identity verification is not recommended. According to MySQL 5.5.45+, 5.6.26+ and 5.7.6+ requirements SSL connection must be established by default if explicit option isn't set. For compliance with existing applications not using SSL the verifyServerCertificate property is set to 'false'. You need either to explicitly disable SSL by setting useSSL=false, or set useSSL=true and provide truststore for server certificate verification.
Thu Jun 22 02:48:25 CDT 2017 WARN: Establishing SSL connection without server's identity verification is not recommended. According to MySQL 5.5.45+, 5.6.26+ and 5.7.6+ requirements SSL connection must be established by default if explicit option isn't set. For compliance with existing applications not using SSL the verifyServerCertificate property is set to 'false'. You need either to explicitly disable SSL by setting useSSL=false, or set useSSL=true and provide truststore for server certificate verification.
Thu Jun 22 02:48:26 CDT 2017 WARN: Establishing SSL connection without server's identity verification is not recommended. According to MySQL 5.5.45+, 5.6.26+ and 5.7.6+ requirements SSL connection must be established by default if explicit option isn't set. For compliance with existing applications not using SSL the verifyServerCertificate property is set to 'false'. You need either to explicitly disable SSL by setting useSSL=false, or set useSSL=true and provide truststore for server certificate verification.
]]></system-err>
  </testcase>
  <testcase name="testFindByProduct" classname="edu.mum.coffee.OrderServiceTest" time="1.152">
    <error message="detached entity passed to persist: edu.mum.coffee.domain.Product; nested exception is org.hibernate.PersistentObjectException: detached entity passed to persist: edu.mum.coffee.domain.Product" type="org.springframework.dao.InvalidDataAccessApiUsageException"><![CDATA[org.springframework.dao.InvalidDataAccessApiUsageException: detached entity passed to persist: edu.mum.coffee.domain.Product; nested exception is org.hibernate.PersistentObjectException: detached entity passed to persist: edu.mum.coffee.domain.Product
	at org.hibernate.event.internal.DefaultPersistEventListener.onPersist(DefaultPersistEventListener.java:124)
	at org.hibernate.internal.SessionImpl.firePersist(SessionImpl.java:765)
	at org.hibernate.internal.SessionImpl.persist(SessionImpl.java:758)
	at org.hibernate.jpa.event.internal.core.JpaPersistEventListener$1.cascade(JpaPersistEventListener.java:80)
	at org.hibernate.engine.internal.Cascade.cascadeToOne(Cascade.java:398)
	at org.hibernate.engine.internal.Cascade.cascadeAssociation(Cascade.java:323)
	at org.hibernate.engine.internal.Cascade.cascadeProperty(Cascade.java:162)
	at org.hibernate.engine.internal.Cascade.cascade(Cascade.java:111)
	at org.hibernate.event.internal.AbstractSaveEventListener.cascadeBeforeSave(AbstractSaveEventListener.java:425)
	at org.hibernate.event.internal.AbstractSaveEventListener.performSaveOrReplicate(AbstractSaveEventListener.java:249)
	at org.hibernate.event.internal.AbstractSaveEventListener.performSave(AbstractSaveEventListener.java:178)
	at org.hibernate.event.internal.AbstractSaveEventListener.saveWithGeneratedId(AbstractSaveEventListener.java:109)
	at org.hibernate.jpa.event.internal.core.JpaPersistEventListener.saveWithGeneratedId(JpaPersistEventListener.java:67)
	at org.hibernate.event.internal.DefaultPersistEventListener.entityIsTransient(DefaultPersistEventListener.java:189)
	at org.hibernate.event.internal.DefaultPersistEventListener.onPersist(DefaultPersistEventListener.java:132)
	at org.hibernate.internal.SessionImpl.firePersist(SessionImpl.java:765)
	at org.hibernate.internal.SessionImpl.persist(SessionImpl.java:758)
	at org.hibernate.jpa.event.internal.core.JpaPersistEventListener$1.cascade(JpaPersistEventListener.java:80)
	at org.hibernate.engine.internal.Cascade.cascadeToOne(Cascade.java:398)
	at org.hibernate.engine.internal.Cascade.cascadeAssociation(Cascade.java:323)
	at org.hibernate.engine.internal.Cascade.cascadeProperty(Cascade.java:162)
	at org.hibernate.engine.internal.Cascade.cascadeCollectionElements(Cascade.java:431)
	at org.hibernate.engine.internal.Cascade.cascadeCollection(Cascade.java:363)
	at org.hibernate.engine.internal.Cascade.cascadeAssociation(Cascade.java:326)
	at org.hibernate.engine.internal.Cascade.cascadeProperty(Cascade.java:162)
	at org.hibernate.engine.internal.Cascade.cascade(Cascade.java:111)
	at org.hibernate.event.internal.AbstractSaveEventListener.cascadeAfterSave(AbstractSaveEventListener.java:456)
	at org.hibernate.event.internal.AbstractSaveEventListener.performSaveOrReplicate(AbstractSaveEventListener.java:278)
	at org.hibernate.event.internal.AbstractSaveEventListener.performSave(AbstractSaveEventListener.java:178)
	at org.hibernate.event.internal.AbstractSaveEventListener.saveWithGeneratedId(AbstractSaveEventListener.java:109)
	at org.hibernate.jpa.event.internal.core.JpaPersistEventListener.saveWithGeneratedId(JpaPersistEventListener.java:67)
	at org.hibernate.event.internal.DefaultPersistEventListener.entityIsTransient(DefaultPersistEventListener.java:189)
	at org.hibernate.event.internal.DefaultPersistEventListener.onPersist(DefaultPersistEventListener.java:132)
	at org.hibernate.event.internal.DefaultPersistEventListener.onPersist(DefaultPersistEventListener.java:58)
	at org.hibernate.internal.SessionImpl.firePersist(SessionImpl.java:775)
	at org.hibernate.internal.SessionImpl.persist(SessionImpl.java:748)
	at org.hibernate.internal.SessionImpl.persist(SessionImpl.java:753)
	at org.hibernate.jpa.spi.AbstractEntityManagerImpl.persist(AbstractEntityManagerImpl.java:1146)
	at sun.reflect.GeneratedMethodAccessor77.invoke(Unknown Source)
	at sun.reflect.DelegatingMethodAccessorImpl.invoke(DelegatingMethodAccessorImpl.java:43)
	at java.lang.reflect.Method.invoke(Method.java:498)
	at org.springframework.orm.jpa.SharedEntityManagerCreator$SharedEntityManagerInvocationHandler.invoke(SharedEntityManagerCreator.java:298)
	at com.sun.proxy.$Proxy94.persist(Unknown Source)
	at org.springframework.data.jpa.repository.support.SimpleJpaRepository.save(SimpleJpaRepository.java:508)
	at sun.reflect.GeneratedMethodAccessor76.invoke(Unknown Source)
	at sun.reflect.DelegatingMethodAccessorImpl.invoke(DelegatingMethodAccessorImpl.java:43)
	at java.lang.reflect.Method.invoke(Method.java:498)
	at org.springframework.data.repository.core.support.RepositoryFactorySupport$QueryExecutorMethodInterceptor.executeMethodOn(RepositoryFactorySupport.java:504)
	at org.springframework.data.repository.core.support.RepositoryFactorySupport$QueryExecutorMethodInterceptor.doInvoke(RepositoryFactorySupport.java:489)
	at org.springframework.data.repository.core.support.RepositoryFactorySupport$QueryExecutorMethodInterceptor.invoke(RepositoryFactorySupport.java:461)
	at org.springframework.aop.framework.ReflectiveMethodInvocation.proceed(ReflectiveMethodInvocation.java:179)
	at org.springframework.data.projection.DefaultMethodInvokingMethodInterceptor.invoke(DefaultMethodInvokingMethodInterceptor.java:61)
	at org.springframework.aop.framework.ReflectiveMethodInvocation.proceed(ReflectiveMethodInvocation.java:179)
	at org.springframework.transaction.interceptor.TransactionInterceptor$1.proceedWithInvocation(TransactionInterceptor.java:99)
	at org.springframework.transaction.interceptor.TransactionAspectSupport.invokeWithinTransaction(TransactionAspectSupport.java:282)
	at org.springframework.transaction.interceptor.TransactionInterceptor.invoke(TransactionInterceptor.java:96)
	at org.springframework.aop.framework.ReflectiveMethodInvocation.proceed(ReflectiveMethodInvocation.java:179)
	at org.springframework.dao.support.PersistenceExceptionTranslationInterceptor.invoke(PersistenceExceptionTranslationInterceptor.java:136)
	at org.springframework.aop.framework.ReflectiveMethodInvocation.proceed(ReflectiveMethodInvocation.java:179)
	at org.springframework.data.jpa.repository.support.CrudMethodMetadataPostProcessor$CrudMethodMetadataPopulatingMethodInterceptor.invoke(CrudMethodMetadataPostProcessor.java:133)
	at org.springframework.aop.framework.ReflectiveMethodInvocation.proceed(ReflectiveMethodInvocation.java:179)
	at org.springframework.aop.interceptor.ExposeInvocationInterceptor.invoke(ExposeInvocationInterceptor.java:92)
	at org.springframework.aop.framework.ReflectiveMethodInvocation.proceed(ReflectiveMethodInvocation.java:179)
	at org.springframework.data.repository.core.support.SurroundingTransactionDetectorMethodInterceptor.invoke(SurroundingTransactionDetectorMethodInterceptor.java:57)
	at org.springframework.aop.framework.ReflectiveMethodInvocation.proceed(ReflectiveMethodInvocation.java:179)
	at org.springframework.aop.framework.JdkDynamicAopProxy.invoke(JdkDynamicAopProxy.java:213)
	at com.sun.proxy.$Proxy96.save(Unknown Source)
	at edu.mum.coffee.service.OrderService.save(OrderService.java:22)
	at edu.mum.coffee.service.OrderService$$FastClassBySpringCGLIB$$512fa41.invoke(<generated>)
	at org.springframework.cglib.proxy.MethodProxy.invoke(MethodProxy.java:204)
	at org.springframework.aop.framework.CglibAopProxy$CglibMethodInvocation.invokeJoinpoint(CglibAopProxy.java:738)
	at org.springframework.aop.framework.ReflectiveMethodInvocation.proceed(ReflectiveMethodInvocation.java:157)
	at org.springframework.transaction.interceptor.TransactionInterceptor$1.proceedWithInvocation(TransactionInterceptor.java:99)
	at org.springframework.transaction.interceptor.TransactionAspectSupport.invokeWithinTransaction(TransactionAspectSupport.java:282)
	at org.springframework.transaction.interceptor.TransactionInterceptor.invoke(TransactionInterceptor.java:96)
	at org.springframework.aop.framework.ReflectiveMethodInvocation.proceed(ReflectiveMethodInvocation.java:179)
	at org.springframework.aop.framework.CglibAopProxy$DynamicAdvisedInterceptor.intercept(CglibAopProxy.java:673)
	at edu.mum.coffee.service.OrderService$$EnhancerBySpringCGLIB$$9e9d14b1.save(<generated>)
	at edu.mum.coffee.OrderServiceTest.setUp(OrderServiceTest.java:78)
]]></error>
  </testcase>
  <testcase name="testFindAll" classname="edu.mum.coffee.OrderServiceTest" time="1.044">
    <error message="detached entity passed to persist: edu.mum.coffee.domain.Product; nested exception is org.hibernate.PersistentObjectException: detached entity passed to persist: edu.mum.coffee.domain.Product" type="org.springframework.dao.InvalidDataAccessApiUsageException"><![CDATA[org.springframework.dao.InvalidDataAccessApiUsageException: detached entity passed to persist: edu.mum.coffee.domain.Product; nested exception is org.hibernate.PersistentObjectException: detached entity passed to persist: edu.mum.coffee.domain.Product
	at org.hibernate.event.internal.DefaultPersistEventListener.onPersist(DefaultPersistEventListener.java:124)
	at org.hibernate.internal.SessionImpl.firePersist(SessionImpl.java:765)
	at org.hibernate.internal.SessionImpl.persist(SessionImpl.java:758)
	at org.hibernate.jpa.event.internal.core.JpaPersistEventListener$1.cascade(JpaPersistEventListener.java:80)
	at org.hibernate.engine.internal.Cascade.cascadeToOne(Cascade.java:398)
	at org.hibernate.engine.internal.Cascade.cascadeAssociation(Cascade.java:323)
	at org.hibernate.engine.internal.Cascade.cascadeProperty(Cascade.java:162)
	at org.hibernate.engine.internal.Cascade.cascade(Cascade.java:111)
	at org.hibernate.event.internal.AbstractSaveEventListener.cascadeBeforeSave(AbstractSaveEventListener.java:425)
	at org.hibernate.event.internal.AbstractSaveEventListener.performSaveOrReplicate(AbstractSaveEventListener.java:249)
	at org.hibernate.event.internal.AbstractSaveEventListener.performSave(AbstractSaveEventListener.java:178)
	at org.hibernate.event.internal.AbstractSaveEventListener.saveWithGeneratedId(AbstractSaveEventListener.java:109)
	at org.hibernate.jpa.event.internal.core.JpaPersistEventListener.saveWithGeneratedId(JpaPersistEventListener.java:67)
	at org.hibernate.event.internal.DefaultPersistEventListener.entityIsTransient(DefaultPersistEventListener.java:189)
	at org.hibernate.event.internal.DefaultPersistEventListener.onPersist(DefaultPersistEventListener.java:132)
	at org.hibernate.internal.SessionImpl.firePersist(SessionImpl.java:765)
	at org.hibernate.internal.SessionImpl.persist(SessionImpl.java:758)
	at org.hibernate.jpa.event.internal.core.JpaPersistEventListener$1.cascade(JpaPersistEventListener.java:80)
	at org.hibernate.engine.internal.Cascade.cascadeToOne(Cascade.java:398)
	at org.hibernate.engine.internal.Cascade.cascadeAssociation(Cascade.java:323)
	at org.hibernate.engine.internal.Cascade.cascadeProperty(Cascade.java:162)
	at org.hibernate.engine.internal.Cascade.cascadeCollectionElements(Cascade.java:431)
	at org.hibernate.engine.internal.Cascade.cascadeCollection(Cascade.java:363)
	at org.hibernate.engine.internal.Cascade.cascadeAssociation(Cascade.java:326)
	at org.hibernate.engine.internal.Cascade.cascadeProperty(Cascade.java:162)
	at org.hibernate.engine.internal.Cascade.cascade(Cascade.java:111)
	at org.hibernate.event.internal.AbstractSaveEventListener.cascadeAfterSave(AbstractSaveEventListener.java:456)
	at org.hibernate.event.internal.AbstractSaveEventListener.performSaveOrReplicate(AbstractSaveEventListener.java:278)
	at org.hibernate.event.internal.AbstractSaveEventListener.performSave(AbstractSaveEventListener.java:178)
	at org.hibernate.event.internal.AbstractSaveEventListener.saveWithGeneratedId(AbstractSaveEventListener.java:109)
	at org.hibernate.jpa.event.internal.core.JpaPersistEventListener.saveWithGeneratedId(JpaPersistEventListener.java:67)
	at org.hibernate.event.internal.DefaultPersistEventListener.entityIsTransient(DefaultPersistEventListener.java:189)
	at org.hibernate.event.internal.DefaultPersistEventListener.onPersist(DefaultPersistEventListener.java:132)
	at org.hibernate.event.internal.DefaultPersistEventListener.onPersist(DefaultPersistEventListener.java:58)
	at org.hibernate.internal.SessionImpl.firePersist(SessionImpl.java:775)
	at org.hibernate.internal.SessionImpl.persist(SessionImpl.java:748)
	at org.hibernate.internal.SessionImpl.persist(SessionImpl.java:753)
	at org.hibernate.jpa.spi.AbstractEntityManagerImpl.persist(AbstractEntityManagerImpl.java:1146)
	at sun.reflect.GeneratedMethodAccessor77.invoke(Unknown Source)
	at sun.reflect.DelegatingMethodAccessorImpl.invoke(DelegatingMethodAccessorImpl.java:43)
	at java.lang.reflect.Method.invoke(Method.java:498)
	at org.springframework.orm.jpa.SharedEntityManagerCreator$SharedEntityManagerInvocationHandler.invoke(SharedEntityManagerCreator.java:298)
	at com.sun.proxy.$Proxy94.persist(Unknown Source)
	at org.springframework.data.jpa.repository.support.SimpleJpaRepository.save(SimpleJpaRepository.java:508)
	at sun.reflect.GeneratedMethodAccessor76.invoke(Unknown Source)
	at sun.reflect.DelegatingMethodAccessorImpl.invoke(DelegatingMethodAccessorImpl.java:43)
	at java.lang.reflect.Method.invoke(Method.java:498)
	at org.springframework.data.repository.core.support.RepositoryFactorySupport$QueryExecutorMethodInterceptor.executeMethodOn(RepositoryFactorySupport.java:504)
	at org.springframework.data.repository.core.support.RepositoryFactorySupport$QueryExecutorMethodInterceptor.doInvoke(RepositoryFactorySupport.java:489)
	at org.springframework.data.repository.core.support.RepositoryFactorySupport$QueryExecutorMethodInterceptor.invoke(RepositoryFactorySupport.java:461)
	at org.springframework.aop.framework.ReflectiveMethodInvocation.proceed(ReflectiveMethodInvocation.java:179)
	at org.springframework.data.projection.DefaultMethodInvokingMethodInterceptor.invoke(DefaultMethodInvokingMethodInterceptor.java:61)
	at org.springframework.aop.framework.ReflectiveMethodInvocation.proceed(ReflectiveMethodInvocation.java:179)
	at org.springframework.transaction.interceptor.TransactionInterceptor$1.proceedWithInvocation(TransactionInterceptor.java:99)
	at org.springframework.transaction.interceptor.TransactionAspectSupport.invokeWithinTransaction(TransactionAspectSupport.java:282)
	at org.springframework.transaction.interceptor.TransactionInterceptor.invoke(TransactionInterceptor.java:96)
	at org.springframework.aop.framework.ReflectiveMethodInvocation.proceed(ReflectiveMethodInvocation.java:179)
	at org.springframework.dao.support.PersistenceExceptionTranslationInterceptor.invoke(PersistenceExceptionTranslationInterceptor.java:136)
	at org.springframework.aop.framework.ReflectiveMethodInvocation.proceed(ReflectiveMethodInvocation.java:179)
	at org.springframework.data.jpa.repository.support.CrudMethodMetadataPostProcessor$CrudMethodMetadataPopulatingMethodInterceptor.invoke(CrudMethodMetadataPostProcessor.java:133)
	at org.springframework.aop.framework.ReflectiveMethodInvocation.proceed(ReflectiveMethodInvocation.java:179)
	at org.springframework.aop.interceptor.ExposeInvocationInterceptor.invoke(ExposeInvocationInterceptor.java:92)
	at org.springframework.aop.framework.ReflectiveMethodInvocation.proceed(ReflectiveMethodInvocation.java:179)
	at org.springframework.data.repository.core.support.SurroundingTransactionDetectorMethodInterceptor.invoke(SurroundingTransactionDetectorMethodInterceptor.java:57)
	at org.springframework.aop.framework.ReflectiveMethodInvocation.proceed(ReflectiveMethodInvocation.java:179)
	at org.springframework.aop.framework.JdkDynamicAopProxy.invoke(JdkDynamicAopProxy.java:213)
	at com.sun.proxy.$Proxy96.save(Unknown Source)
	at edu.mum.coffee.service.OrderService.save(OrderService.java:22)
	at edu.mum.coffee.service.OrderService$$FastClassBySpringCGLIB$$512fa41.invoke(<generated>)
	at org.springframework.cglib.proxy.MethodProxy.invoke(MethodProxy.java:204)
	at org.springframework.aop.framework.CglibAopProxy$CglibMethodInvocation.invokeJoinpoint(CglibAopProxy.java:738)
	at org.springframework.aop.framework.ReflectiveMethodInvocation.proceed(ReflectiveMethodInvocation.java:157)
	at org.springframework.transaction.interceptor.TransactionInterceptor$1.proceedWithInvocation(TransactionInterceptor.java:99)
	at org.springframework.transaction.interceptor.TransactionAspectSupport.invokeWithinTransaction(TransactionAspectSupport.java:282)
	at org.springframework.transaction.interceptor.TransactionInterceptor.invoke(TransactionInterceptor.java:96)
	at org.springframework.aop.framework.ReflectiveMethodInvocation.proceed(ReflectiveMethodInvocation.java:179)
	at org.springframework.aop.framework.CglibAopProxy$DynamicAdvisedInterceptor.intercept(CglibAopProxy.java:673)
	at edu.mum.coffee.service.OrderService$$EnhancerBySpringCGLIB$$9e9d14b1.save(<generated>)
	at edu.mum.coffee.OrderServiceTest.setUp(OrderServiceTest.java:78)
]]></error>
  </testcase>
  <testcase name="testSave" classname="edu.mum.coffee.OrderServiceTest" time="1.32">
    <error message="detached entity passed to persist: edu.mum.coffee.domain.Product; nested exception is org.hibernate.PersistentObjectException: detached entity passed to persist: edu.mum.coffee.domain.Product" type="org.springframework.dao.InvalidDataAccessApiUsageException"><![CDATA[org.springframework.dao.InvalidDataAccessApiUsageException: detached entity passed to persist: edu.mum.coffee.domain.Product; nested exception is org.hibernate.PersistentObjectException: detached entity passed to persist: edu.mum.coffee.domain.Product
	at org.hibernate.event.internal.DefaultPersistEventListener.onPersist(DefaultPersistEventListener.java:124)
	at org.hibernate.internal.SessionImpl.firePersist(SessionImpl.java:765)
	at org.hibernate.internal.SessionImpl.persist(SessionImpl.java:758)
	at org.hibernate.jpa.event.internal.core.JpaPersistEventListener$1.cascade(JpaPersistEventListener.java:80)
	at org.hibernate.engine.internal.Cascade.cascadeToOne(Cascade.java:398)
	at org.hibernate.engine.internal.Cascade.cascadeAssociation(Cascade.java:323)
	at org.hibernate.engine.internal.Cascade.cascadeProperty(Cascade.java:162)
	at org.hibernate.engine.internal.Cascade.cascade(Cascade.java:111)
	at org.hibernate.event.internal.AbstractSaveEventListener.cascadeBeforeSave(AbstractSaveEventListener.java:425)
	at org.hibernate.event.internal.AbstractSaveEventListener.performSaveOrReplicate(AbstractSaveEventListener.java:249)
	at org.hibernate.event.internal.AbstractSaveEventListener.performSave(AbstractSaveEventListener.java:178)
	at org.hibernate.event.internal.AbstractSaveEventListener.saveWithGeneratedId(AbstractSaveEventListener.java:109)
	at org.hibernate.jpa.event.internal.core.JpaPersistEventListener.saveWithGeneratedId(JpaPersistEventListener.java:67)
	at org.hibernate.event.internal.DefaultPersistEventListener.entityIsTransient(DefaultPersistEventListener.java:189)
	at org.hibernate.event.internal.DefaultPersistEventListener.onPersist(DefaultPersistEventListener.java:132)
	at org.hibernate.internal.SessionImpl.firePersist(SessionImpl.java:765)
	at org.hibernate.internal.SessionImpl.persist(SessionImpl.java:758)
	at org.hibernate.jpa.event.internal.core.JpaPersistEventListener$1.cascade(JpaPersistEventListener.java:80)
	at org.hibernate.engine.internal.Cascade.cascadeToOne(Cascade.java:398)
	at org.hibernate.engine.internal.Cascade.cascadeAssociation(Cascade.java:323)
	at org.hibernate.engine.internal.Cascade.cascadeProperty(Cascade.java:162)
	at org.hibernate.engine.internal.Cascade.cascadeCollectionElements(Cascade.java:431)
	at org.hibernate.engine.internal.Cascade.cascadeCollection(Cascade.java:363)
	at org.hibernate.engine.internal.Cascade.cascadeAssociation(Cascade.java:326)
[...]
	at org.springframework.transaction.interceptor.TransactionAspectSupport.invokeWithinTransaction(TransactionAspectSupport.java:282)
	at org.springframework.transaction.interceptor.TransactionInterceptor.invoke(TransactionInterceptor.java:96)
	at org.springframework.aop.framework.ReflectiveMethodInvocation.proceed(ReflectiveMethodInvocation.java:179)
	at org.springframework.dao.support.PersistenceExceptionTranslationInterceptor.invoke(PersistenceExceptionTranslationInterceptor.java:136)
	at org.springframework.aop.framework.ReflectiveMethodInvocation.proceed(ReflectiveMethodInvocation.java:179)
	at org.springframework.data.jpa.repository.support.CrudMethodMetadataPostProcessor$CrudMethodMetadataPopulatingMethodInterceptor.invoke(CrudMethodMetadataPostProcessor.java:133)
	at org.springframework.aop.framework.ReflectiveMethodInvocation.proceed(ReflectiveMethodInvocation.java:179)
	at org.springframework.aop.interceptor.ExposeInvocationInterceptor.invoke(ExposeInvocationInterceptor.java:92)
	at org.springframework.aop.framework.ReflectiveMethodInvocation.proceed(ReflectiveMethodInvocation.java:179)
	at org.springframework.data.repository.core.support.SurroundingTransactionDetectorMethodInterceptor.invoke(SurroundingTransactionDetectorMethodInterceptor.java:57)
	at org.springframework.aop.framework.ReflectiveMethodInvocation.proceed(ReflectiveMethodInvocation.java:179)
	at org.springframework.aop.framework.JdkDynamicAopProxy.invoke(JdkDynamicAopProxy.java:213)
	at com.sun.proxy.$Proxy96.save(Unknown Source)
	at edu.mum.coffee.service.OrderService.save(OrderService.java:22)
	at edu.mum.coffee.service.OrderService$$FastClassBySpringCGLIB$$512fa41.invoke(<generated>)
	at org.springframework.cglib.proxy.MethodProxy.invoke(MethodProxy.java:204)
	at org.springframework.aop.framework.CglibAopProxy$CglibMethodInvocation.invokeJoinpoint(CglibAopProxy.java:738)
	at org.springframework.aop.framework.ReflectiveMethodInvocation.proceed(ReflectiveMethodInvocation.java:157)
	at org.springframework.transaction.interceptor.TransactionInterceptor$1.proceedWithInvocation(TransactionInterceptor.java:99)
	at org.springframework.transaction.interceptor.TransactionAspectSupport.invokeWithinTransaction(TransactionAspectSupport.java:282)
	at org.springframework.transaction.interceptor.TransactionInterceptor.invoke(TransactionInterceptor.java:96)
	at org.springframework.aop.framework.ReflectiveMethodInvocation.proceed(ReflectiveMethodInvocation.java:179)
	at org.springframework.aop.framework.CglibAopProxy$DynamicAdvisedInterceptor.intercept(CglibAopProxy.java:673)
	at edu.mum.coffee.service.OrderService$$EnhancerBySpringCGLIB$$9e9d14b1.save(<generated>)
	at edu.mum.coffee.OrderServiceTest.setUp(OrderServiceTest.java:78)
]]></error>
  </testcase>
  <testcase name="testFindByDate" classname="edu.mum.coffee.OrderServiceTest" time="1.236">
    <error message="detached entity passed to persist: edu.mum.coffee.domain.Product; nested exception is org.hibernate.PersistentObjectException: detached entity passed to persist: edu.mum.coffee.domain.Product" type="org.springframework.dao.InvalidDataAccessApiUsageException"><![CDATA[org.springframework.dao.InvalidDataAccessApiUsageException: detached entity passed to persist: edu.mum.coffee.domain.Product; nested exception is org.hibernate.PersistentObjectException: detached entity passed to persist: edu.mum.coffee.domain.Product
	at org.hibernate.event.internal.DefaultPersistEventListener.onPersist(DefaultPersistEventListener.java:124)
	at org.hibernate.internal.SessionImpl.firePersist(SessionImpl.java:765)
	at org.hibernate.internal.SessionImpl.persist(SessionImpl.java:758)
	at org.hibernate.jpa.event.internal.core.JpaPersistEventListener$1.cascade(JpaPersistEventListener.java:80)
	at org.hibernate.engine.internal.Cascade.cascadeToOne(Cascade.java:398)
	at org.hibernate.engine.internal.Cascade.cascadeAssociation(Cascade.java:323)
	at org.hibernate.engine.internal.Cascade.cascadeProperty(Cascade.java:162)
	at org.hibernate.engine.internal.Cascade.cascade(Cascade.java:111)
	at org.hibernate.event.internal.AbstractSaveEventListener.cascadeBeforeSave(AbstractSaveEventListener.java:425)
	at org.hibernate.event.internal.AbstractSaveEventListener.performSaveOrReplicate(AbstractSaveEventListener.java:249)
	at org.hibernate.event.internal.AbstractSaveEventListener.performSave(AbstractSaveEventListener.java:178)
	at org.hibernate.event.internal.AbstractSaveEventListener.saveWithGeneratedId(AbstractSaveEventListener.java:109)
	at org.hibernate.jpa.event.internal.core.JpaPersistEventListener.saveWithGeneratedId(JpaPersistEventListener.java:67)
	at org.hibernate.event.internal.DefaultPersistEventListener.entityIsTransient(DefaultPersistEventListener.java:189)
	at org.hibernate.event.internal.DefaultPersistEventListener.onPersist(DefaultPersistEventListener.java:132)
	at org.hibernate.internal.SessionImpl.firePersist(SessionImpl.java:765)
	at org.hibernate.internal.SessionImpl.persist(SessionImpl.java:758)
	at org.hibernate.jpa.event.internal.core.JpaPersistEventListener$1.cascade(JpaPersistEventListener.java:80)
	at org.hibernate.engine.internal.Cascade.cascadeToOne(Cascade.java:398)
	at org.hibernate.engine.internal.Cascade.cascadeAssociation(Cascade.java:323)
	at org.hibernate.engine.internal.Cascade.cascadeProperty(Cascade.java:162)
	at org.hibernate.engine.internal.Cascade.cascadeCollectionElements(Cascade.java:431)
	at org.hibernate.engine.internal.Cascade.cascadeCollection(Cascade.java:363)
	at org.hibernate.engine.internal.Cascade.cascadeAssociation(Cascade.java:326)
	at org.hibernate.engine.internal.Cascade.cascadeProperty(Cascade.java:162)
	at org.hibernate.engine.internal.Cascade.cascade(Cascade.java:111)
	at org.hibernate.event.internal.AbstractSaveEventListener.cascadeAfterSave(AbstractSaveEventListener.java:456)
	at org.hibernate.event.internal.AbstractSaveEventListener.performSaveOrReplicate(AbstractSaveEventListener.java:278)
	at org.hibernate.event.internal.AbstractSaveEventListener.performSave(AbstractSaveEventListener.java:178)
	at org.hibernate.event.internal.AbstractSaveEventListener.saveWithGeneratedId(AbstractSaveEventListener.java:109)
	at org.hibernate.jpa.event.internal.core.JpaPersistEventListener.saveWithGeneratedId(JpaPersistEventListener.java:67)
	at org.hibernate.event.internal.DefaultPersistEventListener.entityIsTransient(DefaultPersistEventListener.java:189)
	at org.hibernate.event.internal.DefaultPersistEventListener.onPersist(DefaultPersistEventListener.java:132)
	at org.hibernate.event.internal.DefaultPersistEventListener.onPersist(DefaultPersistEventListener.java:58)
	at org.hibernate.internal.SessionImpl.firePersist(SessionImpl.java:775)
	at org.hibernate.internal.SessionImpl.persist(SessionImpl.java:748)
	at org.hibernate.internal.SessionImpl.persist(SessionImpl.java:753)
	at org.hibernate.jpa.spi.AbstractEntityManagerImpl.persist(AbstractEntityManagerImpl.java:1146)
	at sun.reflect.GeneratedMethodAccessor77.invoke(Unknown Source)
	at sun.reflect.DelegatingMethodAccessorImpl.invoke(DelegatingMethodAccessorImpl.java:43)
	at java.lang.reflect.Method.invoke(Method.java:498)
	at org.springframework.orm.jpa.SharedEntityManagerCreator$SharedEntityManagerInvocationHandler.invoke(SharedEntityManagerCreator.java:298)
	at com.sun.proxy.$Proxy94.persist(Unknown Source)
	at org.springframework.data.jpa.repository.support.SimpleJpaRepository.save(SimpleJpaRepository.java:508)
	at sun.reflect.GeneratedMethodAccessor76.invoke(Unknown Source)
	at sun.reflect.DelegatingMethodAccessorImpl.invoke(DelegatingMethodAccessorImpl.java:43)
	at java.lang.reflect.Method.invoke(Method.java:498)
	at org.springframework.data.repository.core.support.RepositoryFactorySupport$QueryExecutorMethodInterceptor.executeMethodOn(RepositoryFactorySupport.java:504)
	at org.springframework.data.repository.core.support.RepositoryFactorySupport$QueryExecutorMethodInterceptor.doInvoke(RepositoryFactorySupport.java:489)
	at org.springframework.data.repository.core.support.RepositoryFactorySupport$QueryExecutorMethodInterceptor.invoke(RepositoryFactorySupport.java:461)
	at org.springframework.aop.framework.ReflectiveMethodInvocation.proceed(ReflectiveMethodInvocation.java:179)
	at org.springframework.data.projection.DefaultMethodInvokingMethodInterceptor.invoke(DefaultMethodInvokingMethodInterceptor.java:61)
	at org.springframework.aop.framework.ReflectiveMethodInvocation.proceed(ReflectiveMethodInvocation.java:179)
	at org.springframework.transaction.interceptor.TransactionInterceptor$1.proceedWithInvocation(TransactionInterceptor.java:99)
	at org.springframework.transaction.interceptor.TransactionAspectSupport.invokeWithinTransaction(TransactionAspectSupport.java:282)
	at org.springframework.transaction.interceptor.TransactionInterceptor.invoke(TransactionInterceptor.java:96)
	at org.springframework.aop.framework.ReflectiveMethodInvocation.proceed(ReflectiveMethodInvocation.java:179)
	at org.springframework.dao.support.PersistenceExceptionTranslationInterceptor.invoke(PersistenceExceptionTranslationInterceptor.java:136)
	at org.springframework.aop.framework.ReflectiveMethodInvocation.proceed(ReflectiveMethodInvocation.java:179)
	at org.springframework.data.jpa.repository.support.CrudMethodMetadataPostProcessor$CrudMethodMetadataPopulatingMethodInterceptor.invoke(CrudMethodMetadataPostProcessor.java:133)
	at org.springframework.aop.framework.ReflectiveMethodInvocation.proceed(ReflectiveMethodInvocation.java:179)
	at org.springframework.aop.interceptor.ExposeInvocationInterceptor.invoke(ExposeInvocationInterceptor.java:92)
	at org.springframework.aop.framework.ReflectiveMethodInvocation.proceed(ReflectiveMethodInvocation.java:179)
	at org.springframework.data.repository.core.support.SurroundingTransactionDetectorMethodInterceptor.invoke(SurroundingTransactionDetectorMethodInterceptor.java:57)
	at org.springframework.aop.framework.ReflectiveMethodInvocation.proceed(ReflectiveMethodInvocation.java:179)
	at org.springframework.aop.framework.JdkDynamicAopProxy.invoke(JdkDynamicAopProxy.java:213)
	at com.sun.proxy.$Proxy96.save(Unknown Source)
	at edu.mum.coffee.service.OrderService.save(OrderService.java:22)
	at edu.mum.coffee.service.OrderService$$FastClassBySpringCGLIB$$512fa41.invoke(<generated>)
	at org.springframework.cglib.proxy.MethodProxy.invoke(MethodProxy.java:204)
	at org.springframework.aop.framework.CglibAopProxy$CglibMethodInvocation.invokeJoinpoint(CglibAopProxy.java:738)
	at org.springframework.aop.framework.ReflectiveMethodInvocation.proceed(ReflectiveMethodInvocation.java:157)
	at org.springframework.transaction.interceptor.TransactionInterceptor$1.proceedWithInvocation(TransactionInterceptor.java:99)
	at org.springframework.transaction.interceptor.TransactionAspectSupport.invokeWithinTransaction(TransactionAspectSupport.java:282)
	at org.springframework.transaction.interceptor.TransactionInterceptor.invoke(TransactionInterceptor.java:96)
	at org.springframework.aop.framework.ReflectiveMethodInvocation.proceed(ReflectiveMethodInvocation.java:179)
	at org.springframework.aop.framework.CglibAopProxy$DynamicAdvisedInterceptor.intercept(CglibAopProxy.java:673)
	at edu.mum.coffee.service.OrderService$$EnhancerBySpringCGLIB$$9e9d14b1.save(<generated>)
	at edu.mum.coffee.OrderServiceTest.setUp(OrderServiceTest.java:78)
]]></error>
  </testcase>
  <testcase name="testFindById" classname="edu.mum.coffee.OrderServiceTest" time="0.899">
    <error message="detached entity passed to persist: edu.mum.coffee.domain.Product; nested exception is org.hibernate.PersistentObjectException: detached entity passed to persist: edu.mum.coffee.domain.Product" type="org.springframework.dao.InvalidDataAccessApiUsageException"><![CDATA[org.springframework.dao.InvalidDataAccessApiUsageException: detached entity passed to persist: edu.mum.coffee.domain.Product; nested exception is org.hibernate.PersistentObjectException: detached entity passed to persist: edu.mum.coffee.domain.Product
	at org.hibernate.event.internal.DefaultPersistEventListener.onPersist(DefaultPersistEventListener.java:124)
	at org.hibernate.internal.SessionImpl.firePersist(SessionImpl.java:765)
	at org.hibernate.internal.SessionImpl.persist(SessionImpl.java:758)
	at org.hibernate.jpa.event.internal.core.JpaPersistEventListener$1.cascade(JpaPersistEventListener.java:80)
	at org.hibernate.engine.internal.Cascade.cascadeToOne(Cascade.java:398)
	at org.hibernate.engine.internal.Cascade.cascadeAssociation(Cascade.java:323)
	at org.hibernate.engine.internal.Cascade.cascadeProperty(Cascade.java:162)
	at org.hibernate.engine.internal.Cascade.cascade(Cascade.java:111)
	at org.hibernate.event.internal.AbstractSaveEventListener.cascadeBeforeSave(AbstractSaveEventListener.java:425)
	at org.hibernate.event.internal.AbstractSaveEventListener.performSaveOrReplicate(AbstractSaveEventListener.java:249)
	at org.hibernate.event.internal.AbstractSaveEventListener.performSave(AbstractSaveEventListener.java:178)
	at org.hibernate.event.internal.AbstractSaveEventListener.saveWithGeneratedId(AbstractSaveEventListener.java:109)
	at org.hibernate.jpa.event.internal.core.JpaPersistEventListener.saveWithGeneratedId(JpaPersistEventListener.java:67)
	at org.hibernate.event.internal.DefaultPersistEventListener.entityIsTransient(DefaultPersistEventListener.java:189)
	at org.hibernate.event.internal.DefaultPersistEventListener.onPersist(DefaultPersistEventListener.java:132)
	at org.hibernate.internal.SessionImpl.firePersist(SessionImpl.java:765)
	at org.hibernate.internal.SessionImpl.persist(SessionImpl.java:758)
	at org.hibernate.jpa.event.internal.core.JpaPersistEventListener$1.cascade(JpaPersistEventListener.java:80)
	at org.hibernate.engine.internal.Cascade.cascadeToOne(Cascade.java:398)
	at org.hibernate.engine.internal.Cascade.cascadeAssociation(Cascade.java:323)
	at org.hibernate.engine.internal.Cascade.cascadeProperty(Cascade.java:162)
	at org.hibernate.engine.internal.Cascade.cascadeCollectionElements(Cascade.java:431)
	at org.hibernate.engine.internal.Cascade.cascadeCollection(Cascade.java:363)
	at org.hibernate.engine.internal.Cascade.cascadeAssociation(Cascade.java:326)
	at org.hibernate.engine.internal.Cascade.cascadeProperty(Cascade.java:162)
	at org.hibernate.engine.internal.Cascade.cascade(Cascade.java:111)
	at org.hibernate.event.internal.AbstractSaveEventListener.cascadeAfterSave(AbstractSaveEventListener.java:456)
	at org.hibernate.event.internal.AbstractSaveEventListener.performSaveOrReplicate(AbstractSaveEventListener.java:278)
	at org.hibernate.event.internal.AbstractSaveEventListener.performSave(AbstractSaveEventListener.java:178)
	at org.hibernate.event.internal.AbstractSaveEventListener.saveWithGeneratedId(AbstractSaveEventListener.java:109)
	at org.hibernate.jpa.event.internal.core.JpaPersistEventListener.saveWithGeneratedId(JpaPersistEventListener.java:67)
	at org.hibernate.event.internal.DefaultPersistEventListener.entityIsTransient(DefaultPersistEventListener.java:189)
	at org.hibernate.event.internal.DefaultPersistEventListener.onPersist(DefaultPersistEventListener.java:132)
	at org.hibernate.event.internal.DefaultPersistEventListener.onPersist(DefaultPersistEventListener.java:58)
	at org.hibernate.internal.SessionImpl.firePersist(SessionImpl.java:775)
	at org.hibernate.internal.SessionImpl.persist(SessionImpl.java:748)
	at org.hibernate.internal.SessionImpl.persist(SessionImpl.java:753)
	at org.hibernate.jpa.spi.AbstractEntityManagerImpl.persist(AbstractEntityManagerImpl.java:1146)
	at sun.reflect.GeneratedMethodAccessor77.invoke(Unknown Source)
	at sun.reflect.DelegatingMethodAccessorImpl.invoke(DelegatingMethodAccessorImpl.java:43)
	at java.lang.reflect.Method.invoke(Method.java:498)
	at org.springframework.orm.jpa.SharedEntityManagerCreator$SharedEntityManagerInvocationHandler.invoke(SharedEntityManagerCreator.java:298)
	at com.sun.proxy.$Proxy94.persist(Unknown Source)
	at org.springframework.data.jpa.repository.support.SimpleJpaRepository.save(SimpleJpaRepository.java:508)
	at sun.reflect.GeneratedMethodAccessor76.invoke(Unknown Source)
	at sun.reflect.DelegatingMethodAccessorImpl.invoke(DelegatingMethodAccessorImpl.java:43)
	at java.lang.reflect.Method.invoke(Method.java:498)
	at org.springframework.data.repository.core.support.RepositoryFactorySupport$QueryExecutorMethodInterceptor.executeMethodOn(RepositoryFactorySupport.java:504)
	at org.springframework.data.repository.core.support.RepositoryFactorySupport$QueryExecutorMethodInterceptor.doInvoke(RepositoryFactorySupport.java:489)
	at org.springframework.data.repository.core.support.RepositoryFactorySupport$QueryExecutorMethodInterceptor.invoke(RepositoryFactorySupport.java:461)
	at org.springframework.aop.framework.ReflectiveMethodInvocation.proceed(ReflectiveMethodInvocation.java:179)
	at org.springframework.data.projection.DefaultMethodInvokingMethodInterceptor.invoke(DefaultMethodInvokingMethodInterceptor.java:61)
	at org.springframework.aop.framework.ReflectiveMethodInvocation.proceed(ReflectiveMethodInvocation.java:179)
	at org.springframework.transaction.interceptor.TransactionInterceptor$1.proceedWithInvocation(TransactionInterceptor.java:99)
	at org.springframework.transaction.interceptor.TransactionAspectSupport.invokeWithinTransaction(TransactionAspectSupport.java:282)
	at org.springframework.transaction.interceptor.TransactionInterceptor.invoke(TransactionInterceptor.java:96)
	at org.springframework.aop.framework.ReflectiveMethodInvocation.proceed(ReflectiveMethodInvocation.java:179)
	at org.springframework.dao.support.PersistenceExceptionTranslationInterceptor.invoke(PersistenceExceptionTranslationInterceptor.java:136)
	at org.springframework.aop.framework.ReflectiveMethodInvocation.proceed(ReflectiveMethodInvocation.java:179)
	at org.springframework.data.jpa.repository.support.CrudMethodMetadataPostProcessor$CrudMethodMetadataPopulatingMethodInterceptor.invoke(CrudMethodMetadataPostProcessor.java:133)
	at org.springframework.aop.framework.ReflectiveMethodInvocation.proceed(ReflectiveMethodInvocation.java:179)
	at org.springframework.aop.interceptor.ExposeInvocationInterceptor.invoke(ExposeInvocationInterceptor.java:92)
	at org.springframework.aop.framework.ReflectiveMethodInvocation.proceed(ReflectiveMethodInvocation.java:179)
	at org.springframework.data.repository.core.support.SurroundingTransactionDetectorMethodInterceptor.invoke(SurroundingTransactionDetectorMethodInterceptor.java:57)
	at org.springframework.aop.framework.ReflectiveMethodInvocation.proceed(ReflectiveMethodInvocation.java:179)
	at org.springframework.aop.framework.JdkDynamicAopProxy.invoke(JdkDynamicAopProxy.java:213)
	at com.sun.proxy.$Proxy96.save(Unknown Source)
	at edu.mum.coffee.service.OrderService.save(OrderService.java:22)
	at edu.mum.coffee.service.OrderService$$FastClassBySpringCGLIB$$512fa41.invoke(<generated>)
	at org.springframework.cglib.proxy.MethodProxy.invoke(MethodProxy.java:204)
	at org.springframework.aop.framework.CglibAopProxy$CglibMethodInvocation.invokeJoinpoint(CglibAopProxy.java:738)
	at org.springframework.aop.framework.ReflectiveMethodInvocation.proceed(ReflectiveMethodInvocation.java:157)
	at org.springframework.transaction.interceptor.TransactionInterceptor$1.proceedWithInvocation(TransactionInterceptor.java:99)
	at org.springframework.transaction.interceptor.TransactionAspectSupport.invokeWithinTransaction(TransactionAspectSupport.java:282)
	at org.springframework.transaction.interceptor.TransactionInterceptor.invoke(TransactionInterceptor.java:96)
	at org.springframework.aop.framework.ReflectiveMethodInvocation.proceed(ReflectiveMethodInvocation.java:179)
	at org.springframework.aop.framework.CglibAopProxy$DynamicAdvisedInterceptor.intercept(CglibAopProxy.java:673)
	at edu.mum.coffee.service.OrderService$$EnhancerBySpringCGLIB$$9e9d14b1.save(<generated>)
	at edu.mum.coffee.OrderServiceTest.setUp(OrderServiceTest.java:78)
]]></error>
  </testcase>
</testsuite>